[2022-12-03 22:42:22,907] [20 INFO - Exporting collection data as pandas dataframe]
[2022-12-03 22:42:22,907] [18 INFO - Reading data from database: aps and sensor]
[2022-12-03 22:42:26,199] [20 INFO - Found columns: Index(['_id', 'class', 'aa_000', 'ab_000', 'ac_000', 'ad_000', 'ae_000',
       'af_000', 'ag_000', 'ag_001',
       ...
       'ee_002', 'ee_003', 'ee_004', 'ee_005', 'ee_006', 'ee_007', 'ee_008',
       'ee_009', 'ef_000', 'eg_000'],
      dtype='object', length=172)]
[2022-12-03 22:42:26,199] [22 INFO - Dropping column : _id]
[2022-12-03 22:42:26,423] [24 INFO - Row and column in df: (36188, 171)]
[2022-12-03 22:42:26,423] [27 INFO - Save data in feature store]
[2022-12-03 22:42:26,964] [31 INFO - Create feature store folder if not available]
[2022-12-03 22:42:26,965] [36 INFO - Save df to feature store folder]
[2022-12-03 22:42:29,345] [40 INFO - split dataset into train and test set]
[2022-12-03 22:42:29,842] [47 INFO - Save df to feature store folder]
[2022-12-03 22:42:31,922] [60 INFO - Data ingestion artifact: DataIngestionArtifact(feature_store_file_path='/config/workspace/artifact/12032022__224222.log/data_ingestion/feature_store/sensor.csv', train_file_path='/config/workspace/artifact/12032022__224222.log/data_ingestion/dataset/train.csv', test_file_path='/config/workspace/artifact/12032022__224222.log/data_ingestion/dataset/test.csv')]
[2022-12-03 22:42:32,278] [21 INFO - >>>>>>>>>>>>>>>>>>>>>>>>>>>>>>>>>>>>>>>> Data Validation <<<<<<<<<<<<<<<<<<<<<<<<<<<<<<<<<<<<<<<<]
[2022-12-03 22:42:32,278] [110 INFO - Reading base dataframe]
[2022-12-03 22:42:35,087] [113 INFO - Replace na value in base df]
[2022-12-03 22:42:35,087] [115 INFO - Drop null values colums from base df]
[2022-12-03 22:42:36,032] [44 INFO - selecting column name which contains null above to 0.2]
[2022-12-03 22:42:36,032] [47 INFO - Columns to drop: ['ab_000', 'ad_000', 'bk_000', 'bl_000', 'bm_000', 'bn_000', 'bo_000', 'bp_000', 'bq_000', 'br_000', 'cf_000', 'cg_000', 'ch_000', 'co_000', 'cr_000', 'ct_000', 'cu_000', 'cv_000', 'cx_000', 'cy_000', 'cz_000', 'da_000', 'db_000', 'dc_000']]
[2022-12-03 22:42:36,114] [118 INFO - Reading train dataframe]
[2022-12-03 22:42:36,483] [120 INFO - Reading test dataframe]
[2022-12-03 22:42:36,579] [123 INFO - Drop null values colums from train df]
[2022-12-03 22:42:36,592] [44 INFO - selecting column name which contains null above to 0.2]
[2022-12-03 22:42:36,592] [47 INFO - Columns to drop: ['ab_000', 'ad_000', 'bk_000', 'bl_000', 'bm_000', 'bn_000', 'bo_000', 'bp_000', 'bq_000', 'br_000', 'cf_000', 'cg_000', 'ch_000', 'co_000', 'cr_000', 'ct_000', 'cu_000', 'cv_000', 'cx_000', 'cy_000', 'cz_000', 'da_000', 'db_000', 'dc_000']]
[2022-12-03 22:42:36,601] [125 INFO - Drop null values colums from test df]
[2022-12-03 22:42:36,605] [44 INFO - selecting column name which contains null above to 0.2]
[2022-12-03 22:42:36,606] [47 INFO - Columns to drop: ['ab_000', 'ad_000', 'bk_000', 'bl_000', 'bm_000', 'bn_000', 'bo_000', 'bp_000', 'bq_000', 'br_000', 'cf_000', 'cg_000', 'ch_000', 'co_000', 'cr_000', 'ct_000', 'cu_000', 'cv_000', 'cx_000', 'cy_000', 'cz_000', 'da_000', 'db_000', 'dc_000']]
[2022-12-03 22:42:42,437] [134 INFO - Is all required columns present in train df]
[2022-12-03 22:42:42,437] [136 INFO - Is all required columns present in test df]
[2022-12-03 22:42:42,437] [140 INFO - As all column are available in train df hence detecting data drift]
[2022-12-03 22:42:42,438] [88 INFO - Hypothesis class: object, object ]
[2022-12-03 22:42:42,572] [88 INFO - Hypothesis aa_000: float64, float64 ]
[2022-12-03 22:42:42,582] [88 INFO - Hypothesis ac_000: float64, float64 ]
[2022-12-03 22:42:42,590] [88 INFO - Hypothesis ae_000: float64, float64 ]
[2022-12-03 22:42:42,625] [88 INFO - Hypothesis af_000: float64, float64 ]
[2022-12-03 22:42:42,660] [88 INFO - Hypothesis ag_000: float64, float64 ]
[2022-12-03 22:42:42,698] [88 INFO - Hypothesis ag_001: float64, float64 ]
[2022-12-03 22:42:42,733] [88 INFO - Hypothesis ag_002: float64, float64 ]
[2022-12-03 22:42:42,767] [88 INFO - Hypothesis ag_003: float64, float64 ]
[2022-12-03 22:42:42,804] [88 INFO - Hypothesis ag_004: float64, float64 ]
[2022-12-03 22:42:42,844] [88 INFO - Hypothesis ag_005: float64, float64 ]
[2022-12-03 22:42:42,884] [88 INFO - Hypothesis ag_006: float64, float64 ]
[2022-12-03 22:42:42,925] [88 INFO - Hypothesis ag_007: float64, float64 ]
[2022-12-03 22:42:42,964] [88 INFO - Hypothesis ag_008: float64, float64 ]
[2022-12-03 22:42:42,973] [88 INFO - Hypothesis ag_009: float64, float64 ]
[2022-12-03 22:42:43,010] [88 INFO - Hypothesis ah_000: float64, float64 ]
[2022-12-03 22:42:43,021] [88 INFO - Hypothesis ai_000: float64, float64 ]
[2022-12-03 22:42:43,059] [88 INFO - Hypothesis aj_000: float64, float64 ]
[2022-12-03 22:42:43,096] [88 INFO - Hypothesis ak_000: float64, float64 ]
[2022-12-03 22:42:43,131] [88 INFO - Hypothesis al_000: float64, float64 ]
[2022-12-03 22:42:43,169] [88 INFO - Hypothesis am_0: float64, float64 ]
[2022-12-03 22:42:43,206] [88 INFO - Hypothesis an_000: float64, float64 ]
[2022-12-03 22:42:43,217] [88 INFO - Hypothesis ao_000: float64, float64 ]
[2022-12-03 22:42:43,228] [88 INFO - Hypothesis ap_000: float64, float64 ]
[2022-12-03 22:42:43,239] [88 INFO - Hypothesis aq_000: float64, float64 ]
[2022-12-03 22:42:43,249] [88 INFO - Hypothesis ar_000: float64, float64 ]
[2022-12-03 22:42:43,284] [88 INFO - Hypothesis as_000: float64, float64 ]
[2022-12-03 22:42:43,318] [88 INFO - Hypothesis at_000: float64, float64 ]
[2022-12-03 22:42:43,353] [88 INFO - Hypothesis au_000: float64, float64 ]
[2022-12-03 22:42:43,388] [88 INFO - Hypothesis av_000: float64, float64 ]
[2022-12-03 22:42:43,396] [88 INFO - Hypothesis ax_000: float64, float64 ]
[2022-12-03 22:42:43,435] [88 INFO - Hypothesis ay_000: float64, float64 ]
[2022-12-03 22:42:43,469] [88 INFO - Hypothesis ay_001: float64, float64 ]
[2022-12-03 22:42:43,504] [88 INFO - Hypothesis ay_002: float64, float64 ]
[2022-12-03 22:42:43,538] [88 INFO - Hypothesis ay_003: float64, float64 ]
[2022-12-03 22:42:43,573] [88 INFO - Hypothesis ay_004: float64, float64 ]
[2022-12-03 22:42:43,607] [88 INFO - Hypothesis ay_005: float64, float64 ]
[2022-12-03 22:42:43,615] [88 INFO - Hypothesis ay_006: float64, float64 ]
[2022-12-03 22:42:43,624] [88 INFO - Hypothesis ay_007: float64, float64 ]
[2022-12-03 22:42:43,665] [88 INFO - Hypothesis ay_008: float64, float64 ]
[2022-12-03 22:42:43,677] [88 INFO - Hypothesis ay_009: float64, float64 ]
[2022-12-03 22:42:43,712] [88 INFO - Hypothesis az_000: float64, float64 ]
[2022-12-03 22:42:43,722] [88 INFO - Hypothesis az_001: float64, float64 ]
[2022-12-03 22:42:43,731] [88 INFO - Hypothesis az_002: float64, float64 ]
[2022-12-03 22:42:43,770] [88 INFO - Hypothesis az_003: float64, float64 ]
[2022-12-03 22:42:43,780] [88 INFO - Hypothesis az_004: float64, float64 ]
[2022-12-03 22:42:43,790] [88 INFO - Hypothesis az_005: float64, float64 ]
[2022-12-03 22:42:43,801] [88 INFO - Hypothesis az_006: float64, float64 ]
[2022-12-03 22:42:43,839] [88 INFO - Hypothesis az_007: float64, float64 ]
[2022-12-03 22:42:43,876] [88 INFO - Hypothesis az_008: float64, float64 ]
[2022-12-03 22:42:43,911] [88 INFO - Hypothesis az_009: float64, float64 ]
[2022-12-03 22:42:43,945] [88 INFO - Hypothesis ba_000: float64, float64 ]
[2022-12-03 22:42:43,956] [88 INFO - Hypothesis ba_001: float64, float64 ]
[2022-12-03 22:42:43,997] [88 INFO - Hypothesis ba_002: float64, float64 ]
[2022-12-03 22:42:44,009] [88 INFO - Hypothesis ba_003: float64, float64 ]
[2022-12-03 22:42:44,051] [88 INFO - Hypothesis ba_004: float64, float64 ]
[2022-12-03 22:42:44,091] [88 INFO - Hypothesis ba_005: float64, float64 ]
[2022-12-03 22:42:44,132] [88 INFO - Hypothesis ba_006: float64, float64 ]
[2022-12-03 22:42:44,173] [88 INFO - Hypothesis ba_007: float64, float64 ]
[2022-12-03 22:42:44,182] [88 INFO - Hypothesis ba_008: float64, float64 ]
[2022-12-03 22:42:44,220] [88 INFO - Hypothesis ba_009: float64, float64 ]
[2022-12-03 22:42:44,227] [88 INFO - Hypothesis bb_000: float64, float64 ]
[2022-12-03 22:42:44,237] [88 INFO - Hypothesis bc_000: float64, float64 ]
[2022-12-03 22:42:44,245] [88 INFO - Hypothesis bd_000: float64, float64 ]
[2022-12-03 22:42:44,284] [88 INFO - Hypothesis be_000: float64, float64 ]
[2022-12-03 22:42:44,323] [88 INFO - Hypothesis bf_000: float64, float64 ]
[2022-12-03 22:42:44,330] [88 INFO - Hypothesis bg_000: float64, float64 ]
[2022-12-03 22:42:44,340] [88 INFO - Hypothesis bh_000: float64, float64 ]
[2022-12-03 22:42:44,350] [88 INFO - Hypothesis bi_000: float64, float64 ]
[2022-12-03 22:42:44,361] [88 INFO - Hypothesis bj_000: float64, float64 ]
[2022-12-03 22:42:44,371] [88 INFO - Hypothesis bs_000: float64, float64 ]
[2022-12-03 22:42:44,412] [88 INFO - Hypothesis bt_000: float64, float64 ]
[2022-12-03 22:42:44,423] [88 INFO - Hypothesis bu_000: float64, float64 ]
[2022-12-03 22:42:44,433] [88 INFO - Hypothesis bv_000: float64, float64 ]
[2022-12-03 22:42:44,443] [88 INFO - Hypothesis bx_000: float64, float64 ]
[2022-12-03 22:42:44,484] [88 INFO - Hypothesis by_000: float64, float64 ]
[2022-12-03 22:42:44,524] [88 INFO - Hypothesis bz_000: float64, float64 ]
[2022-12-03 22:42:44,563] [88 INFO - Hypothesis ca_000: float64, float64 ]
[2022-12-03 22:42:44,574] [88 INFO - Hypothesis cb_000: float64, float64 ]
[2022-12-03 22:42:44,615] [88 INFO - Hypothesis cc_000: float64, float64 ]
[2022-12-03 22:42:44,655] [88 INFO - Hypothesis cd_000: float64, float64 ]
[2022-12-03 22:42:44,691] [88 INFO - Hypothesis ce_000: float64, float64 ]
[2022-12-03 22:42:44,731] [88 INFO - Hypothesis ci_000: float64, float64 ]
[2022-12-03 22:42:44,741] [88 INFO - Hypothesis cj_000: float64, float64 ]
[2022-12-03 22:42:44,777] [88 INFO - Hypothesis ck_000: float64, float64 ]
[2022-12-03 22:42:44,787] [88 INFO - Hypothesis cl_000: float64, float64 ]
[2022-12-03 22:42:44,823] [88 INFO - Hypothesis cm_000: float64, float64 ]
[2022-12-03 22:42:44,860] [88 INFO - Hypothesis cn_000: float64, float64 ]
[2022-12-03 22:42:44,895] [88 INFO - Hypothesis cn_001: float64, float64 ]
[2022-12-03 22:42:44,931] [88 INFO - Hypothesis cn_002: float64, float64 ]
[2022-12-03 22:42:44,969] [88 INFO - Hypothesis cn_003: float64, float64 ]
[2022-12-03 22:42:45,010] [88 INFO - Hypothesis cn_004: float64, float64 ]
[2022-12-03 22:42:45,021] [88 INFO - Hypothesis cn_005: float64, float64 ]
[2022-12-03 22:42:45,061] [88 INFO - Hypothesis cn_006: float64, float64 ]
[2022-12-03 22:42:45,071] [88 INFO - Hypothesis cn_007: float64, float64 ]
[2022-12-03 22:42:45,081] [88 INFO - Hypothesis cn_008: float64, float64 ]
[2022-12-03 22:42:45,120] [88 INFO - Hypothesis cn_009: float64, float64 ]
[2022-12-03 22:42:45,158] [88 INFO - Hypothesis cp_000: float64, float64 ]
[2022-12-03 22:42:45,196] [88 INFO - Hypothesis cq_000: float64, float64 ]
[2022-12-03 22:42:45,206] [88 INFO - Hypothesis cs_000: float64, float64 ]
[2022-12-03 22:42:45,246] [88 INFO - Hypothesis cs_001: float64, float64 ]
[2022-12-03 22:42:45,255] [88 INFO - Hypothesis cs_002: float64, float64 ]
[2022-12-03 22:42:45,296] [88 INFO - Hypothesis cs_003: float64, float64 ]
[2022-12-03 22:42:45,338] [88 INFO - Hypothesis cs_004: float64, float64 ]
[2022-12-03 22:42:45,348] [88 INFO - Hypothesis cs_005: float64, float64 ]
[2022-12-03 22:42:45,390] [88 INFO - Hypothesis cs_006: float64, float64 ]
[2022-12-03 22:42:45,430] [88 INFO - Hypothesis cs_007: float64, float64 ]
[2022-12-03 22:42:45,440] [88 INFO - Hypothesis cs_008: float64, float64 ]
[2022-12-03 22:42:45,448] [88 INFO - Hypothesis cs_009: float64, float64 ]
[2022-12-03 22:42:45,482] [88 INFO - Hypothesis dd_000: float64, float64 ]
[2022-12-03 22:42:45,522] [88 INFO - Hypothesis de_000: float64, float64 ]
[2022-12-03 22:42:45,530] [88 INFO - Hypothesis df_000: float64, float64 ]
[2022-12-03 22:42:45,565] [88 INFO - Hypothesis dg_000: float64, float64 ]
[2022-12-03 22:42:45,599] [88 INFO - Hypothesis dh_000: float64, float64 ]
[2022-12-03 22:42:45,634] [88 INFO - Hypothesis di_000: float64, float64 ]
[2022-12-03 22:42:45,670] [88 INFO - Hypothesis dj_000: float64, float64 ]
[2022-12-03 22:42:45,707] [88 INFO - Hypothesis dk_000: float64, float64 ]
[2022-12-03 22:42:45,743] [88 INFO - Hypothesis dl_000: float64, float64 ]
[2022-12-03 22:42:45,778] [88 INFO - Hypothesis dm_000: float64, float64 ]
[2022-12-03 22:42:45,812] [88 INFO - Hypothesis dn_000: float64, float64 ]
[2022-12-03 22:42:45,822] [88 INFO - Hypothesis do_000: float64, float64 ]
[2022-12-03 22:42:45,831] [88 INFO - Hypothesis dp_000: float64, float64 ]
[2022-12-03 22:42:45,840] [88 INFO - Hypothesis dq_000: float64, float64 ]
[2022-12-03 22:42:45,877] [88 INFO - Hypothesis dr_000: float64, float64 ]
[2022-12-03 22:42:45,917] [88 INFO - Hypothesis ds_000: float64, float64 ]
[2022-12-03 22:42:45,927] [88 INFO - Hypothesis dt_000: float64, float64 ]
[2022-12-03 22:42:45,938] [88 INFO - Hypothesis du_000: float64, float64 ]
[2022-12-03 22:42:45,948] [88 INFO - Hypothesis dv_000: float64, float64 ]
[2022-12-03 22:42:45,958] [88 INFO - Hypothesis dx_000: float64, float64 ]
[2022-12-03 22:42:45,994] [88 INFO - Hypothesis dy_000: float64, float64 ]
[2022-12-03 22:42:46,033] [88 INFO - Hypothesis dz_000: float64, float64 ]
[2022-12-03 22:42:46,068] [88 INFO - Hypothesis ea_000: float64, float64 ]
[2022-12-03 22:42:46,103] [88 INFO - Hypothesis eb_000: float64, float64 ]
[2022-12-03 22:42:46,112] [88 INFO - Hypothesis ec_00: float64, float64 ]
[2022-12-03 22:42:46,151] [88 INFO - Hypothesis ed_000: float64, float64 ]
[2022-12-03 22:42:46,190] [88 INFO - Hypothesis ee_000: float64, float64 ]
[2022-12-03 22:42:46,230] [88 INFO - Hypothesis ee_001: float64, float64 ]
[2022-12-03 22:42:46,272] [88 INFO - Hypothesis ee_002: float64, float64 ]
[2022-12-03 22:42:46,314] [88 INFO - Hypothesis ee_003: float64, float64 ]
[2022-12-03 22:42:46,324] [88 INFO - Hypothesis ee_004: float64, float64 ]
[2022-12-03 22:42:46,335] [88 INFO - Hypothesis ee_005: float64, float64 ]
[2022-12-03 22:42:46,345] [88 INFO - Hypothesis ee_006: float64, float64 ]
[2022-12-03 22:42:46,356] [88 INFO - Hypothesis ee_007: float64, float64 ]
[2022-12-03 22:42:46,366] [88 INFO - Hypothesis ee_008: float64, float64 ]
[2022-12-03 22:42:46,449] [88 INFO - Hypothesis ee_009: float64, float64 ]
[2022-12-03 22:42:46,456] [88 INFO - Hypothesis ef_000: float64, float64 ]
[2022-12-03 22:42:46,491] [88 INFO - Hypothesis eg_000: float64, float64 ]
[2022-12-03 22:42:46,525] [143 INFO - As all column are available in test df hence detecting data drift]
[2022-12-03 22:42:46,525] [88 INFO - Hypothesis class: object, object ]
[2022-12-03 22:42:46,598] [88 INFO - Hypothesis aa_000: float64, float64 ]
[2022-12-03 22:42:46,605] [88 INFO - Hypothesis ac_000: float64, float64 ]
[2022-12-03 22:42:46,610] [88 INFO - Hypothesis ae_000: float64, float64 ]
[2022-12-03 22:42:46,625] [88 INFO - Hypothesis af_000: float64, float64 ]
[2022-12-03 22:42:46,640] [88 INFO - Hypothesis ag_000: float64, float64 ]
[2022-12-03 22:42:46,654] [88 INFO - Hypothesis ag_001: float64, float64 ]
[2022-12-03 22:42:46,669] [88 INFO - Hypothesis ag_002: float64, float64 ]
[2022-12-03 22:42:46,687] [88 INFO - Hypothesis ag_003: float64, float64 ]
[2022-12-03 22:42:46,691] [88 INFO - Hypothesis ag_004: float64, float64 ]
[2022-12-03 22:42:46,698] [88 INFO - Hypothesis ag_005: float64, float64 ]
[2022-12-03 22:42:46,705] [88 INFO - Hypothesis ag_006: float64, float64 ]
[2022-12-03 22:42:46,713] [88 INFO - Hypothesis ag_007: float64, float64 ]
[2022-12-03 22:42:46,719] [88 INFO - Hypothesis ag_008: float64, float64 ]
[2022-12-03 22:42:46,725] [88 INFO - Hypothesis ag_009: float64, float64 ]
[2022-12-03 22:42:46,730] [88 INFO - Hypothesis ah_000: float64, float64 ]
[2022-12-03 22:42:46,737] [88 INFO - Hypothesis ai_000: float64, float64 ]
[2022-12-03 22:42:46,753] [88 INFO - Hypothesis aj_000: float64, float64 ]
[2022-12-03 22:42:46,757] [88 INFO - Hypothesis ak_000: float64, float64 ]
[2022-12-03 22:42:46,771] [88 INFO - Hypothesis al_000: float64, float64 ]
[2022-12-03 22:42:46,776] [88 INFO - Hypothesis am_0: float64, float64 ]
[2022-12-03 22:42:46,781] [88 INFO - Hypothesis an_000: float64, float64 ]
[2022-12-03 22:42:46,788] [88 INFO - Hypothesis ao_000: float64, float64 ]
[2022-12-03 22:42:46,795] [88 INFO - Hypothesis ap_000: float64, float64 ]
[2022-12-03 22:42:46,802] [88 INFO - Hypothesis aq_000: float64, float64 ]
[2022-12-03 22:42:46,809] [88 INFO - Hypothesis ar_000: float64, float64 ]
[2022-12-03 22:42:46,824] [88 INFO - Hypothesis as_000: float64, float64 ]
[2022-12-03 22:42:46,838] [88 INFO - Hypothesis at_000: float64, float64 ]
[2022-12-03 22:42:46,841] [88 INFO - Hypothesis au_000: float64, float64 ]
[2022-12-03 22:42:46,856] [88 INFO - Hypothesis av_000: float64, float64 ]
[2022-12-03 22:42:46,861] [88 INFO - Hypothesis ax_000: float64, float64 ]
[2022-12-03 22:42:46,866] [88 INFO - Hypothesis ay_000: float64, float64 ]
[2022-12-03 22:42:46,881] [88 INFO - Hypothesis ay_001: float64, float64 ]
[2022-12-03 22:42:46,896] [88 INFO - Hypothesis ay_002: float64, float64 ]
[2022-12-03 22:42:46,910] [88 INFO - Hypothesis ay_003: float64, float64 ]
[2022-12-03 22:42:46,924] [88 INFO - Hypothesis ay_004: float64, float64 ]
[2022-12-03 22:42:46,939] [88 INFO - Hypothesis ay_005: float64, float64 ]
[2022-12-03 22:42:46,944] [88 INFO - Hypothesis ay_006: float64, float64 ]
[2022-12-03 22:42:46,950] [88 INFO - Hypothesis ay_007: float64, float64 ]
[2022-12-03 22:42:46,957] [88 INFO - Hypothesis ay_008: float64, float64 ]
[2022-12-03 22:42:46,965] [88 INFO - Hypothesis ay_009: float64, float64 ]
[2022-12-03 22:42:46,980] [88 INFO - Hypothesis az_000: float64, float64 ]
[2022-12-03 22:42:46,986] [88 INFO - Hypothesis az_001: float64, float64 ]
[2022-12-03 22:42:46,993] [88 INFO - Hypothesis az_002: float64, float64 ]
[2022-12-03 22:42:46,999] [88 INFO - Hypothesis az_003: float64, float64 ]
[2022-12-03 22:42:47,006] [88 INFO - Hypothesis az_004: float64, float64 ]
[2022-12-03 22:42:47,013] [88 INFO - Hypothesis az_005: float64, float64 ]
[2022-12-03 22:42:47,020] [88 INFO - Hypothesis az_006: float64, float64 ]
[2022-12-03 22:42:47,026] [88 INFO - Hypothesis az_007: float64, float64 ]
[2022-12-03 22:42:47,030] [88 INFO - Hypothesis az_008: float64, float64 ]
[2022-12-03 22:42:47,046] [88 INFO - Hypothesis az_009: float64, float64 ]
[2022-12-03 22:42:47,061] [88 INFO - Hypothesis ba_000: float64, float64 ]
[2022-12-03 22:42:47,068] [88 INFO - Hypothesis ba_001: float64, float64 ]
[2022-12-03 22:42:47,075] [88 INFO - Hypothesis ba_002: float64, float64 ]
[2022-12-03 22:42:47,083] [88 INFO - Hypothesis ba_003: float64, float64 ]
[2022-12-03 22:42:47,090] [88 INFO - Hypothesis ba_004: float64, float64 ]
[2022-12-03 22:42:47,097] [88 INFO - Hypothesis ba_005: float64, float64 ]
[2022-12-03 22:42:47,104] [88 INFO - Hypothesis ba_006: float64, float64 ]
[2022-12-03 22:42:47,110] [88 INFO - Hypothesis ba_007: float64, float64 ]
[2022-12-03 22:42:47,117] [88 INFO - Hypothesis ba_008: float64, float64 ]
[2022-12-03 22:42:47,122] [88 INFO - Hypothesis ba_009: float64, float64 ]
[2022-12-03 22:42:47,126] [88 INFO - Hypothesis bb_000: float64, float64 ]
[2022-12-03 22:42:47,133] [88 INFO - Hypothesis bc_000: float64, float64 ]
[2022-12-03 22:42:47,138] [88 INFO - Hypothesis bd_000: float64, float64 ]
[2022-12-03 22:42:47,144] [88 INFO - Hypothesis be_000: float64, float64 ]
[2022-12-03 22:42:47,150] [88 INFO - Hypothesis bf_000: float64, float64 ]
[2022-12-03 22:42:47,154] [88 INFO - Hypothesis bg_000: float64, float64 ]
[2022-12-03 22:42:47,161] [88 INFO - Hypothesis bh_000: float64, float64 ]
[2022-12-03 22:42:47,168] [88 INFO - Hypothesis bi_000: float64, float64 ]
[2022-12-03 22:42:47,175] [88 INFO - Hypothesis bj_000: float64, float64 ]
[2022-12-03 22:42:47,182] [88 INFO - Hypothesis bs_000: float64, float64 ]
[2022-12-03 22:42:47,189] [88 INFO - Hypothesis bt_000: float64, float64 ]
[2022-12-03 22:42:47,196] [88 INFO - Hypothesis bu_000: float64, float64 ]
[2022-12-03 22:42:47,203] [88 INFO - Hypothesis bv_000: float64, float64 ]
[2022-12-03 22:42:47,210] [88 INFO - Hypothesis bx_000: float64, float64 ]
[2022-12-03 22:42:47,217] [88 INFO - Hypothesis by_000: float64, float64 ]
[2022-12-03 22:42:47,223] [88 INFO - Hypothesis bz_000: float64, float64 ]
[2022-12-03 22:42:47,229] [88 INFO - Hypothesis ca_000: float64, float64 ]
[2022-12-03 22:42:47,236] [88 INFO - Hypothesis cb_000: float64, float64 ]
[2022-12-03 22:42:47,243] [88 INFO - Hypothesis cc_000: float64, float64 ]
[2022-12-03 22:42:47,250] [88 INFO - Hypothesis cd_000: float64, float64 ]
[2022-12-03 22:42:47,264] [88 INFO - Hypothesis ce_000: float64, float64 ]
[2022-12-03 22:42:47,271] [88 INFO - Hypothesis ci_000: float64, float64 ]
[2022-12-03 22:42:47,278] [88 INFO - Hypothesis cj_000: float64, float64 ]
[2022-12-03 22:42:47,293] [88 INFO - Hypothesis ck_000: float64, float64 ]
[2022-12-03 22:42:47,300] [88 INFO - Hypothesis cl_000: float64, float64 ]
[2022-12-03 22:42:47,304] [88 INFO - Hypothesis cm_000: float64, float64 ]
[2022-12-03 22:42:47,309] [88 INFO - Hypothesis cn_000: float64, float64 ]
[2022-12-03 22:42:47,312] [88 INFO - Hypothesis cn_001: float64, float64 ]
[2022-12-03 22:42:47,328] [88 INFO - Hypothesis cn_002: float64, float64 ]
[2022-12-03 22:42:47,334] [88 INFO - Hypothesis cn_003: float64, float64 ]
[2022-12-03 22:42:47,341] [88 INFO - Hypothesis cn_004: float64, float64 ]
[2022-12-03 22:42:47,348] [88 INFO - Hypothesis cn_005: float64, float64 ]
[2022-12-03 22:42:47,356] [88 INFO - Hypothesis cn_006: float64, float64 ]
[2022-12-03 22:42:47,363] [88 INFO - Hypothesis cn_007: float64, float64 ]
[2022-12-03 22:42:47,369] [88 INFO - Hypothesis cn_008: float64, float64 ]
[2022-12-03 22:42:47,375] [88 INFO - Hypothesis cn_009: float64, float64 ]
[2022-12-03 22:42:47,381] [88 INFO - Hypothesis cp_000: float64, float64 ]
[2022-12-03 22:42:47,386] [88 INFO - Hypothesis cq_000: float64, float64 ]
[2022-12-03 22:42:47,393] [88 INFO - Hypothesis cs_000: float64, float64 ]
[2022-12-03 22:42:47,400] [88 INFO - Hypothesis cs_001: float64, float64 ]
[2022-12-03 22:42:47,406] [88 INFO - Hypothesis cs_002: float64, float64 ]
[2022-12-03 22:42:47,413] [88 INFO - Hypothesis cs_003: float64, float64 ]
[2022-12-03 22:42:47,419] [88 INFO - Hypothesis cs_004: float64, float64 ]
[2022-12-03 22:42:47,426] [88 INFO - Hypothesis cs_005: float64, float64 ]
[2022-12-03 22:42:47,433] [88 INFO - Hypothesis cs_006: float64, float64 ]
[2022-12-03 22:42:47,440] [88 INFO - Hypothesis cs_007: float64, float64 ]
[2022-12-03 22:42:47,447] [88 INFO - Hypothesis cs_008: float64, float64 ]
[2022-12-03 22:42:47,452] [88 INFO - Hypothesis cs_009: float64, float64 ]
[2022-12-03 22:42:47,469] [88 INFO - Hypothesis dd_000: float64, float64 ]
[2022-12-03 22:42:47,476] [88 INFO - Hypothesis de_000: float64, float64 ]
[2022-12-03 22:42:47,482] [88 INFO - Hypothesis df_000: float64, float64 ]
[2022-12-03 22:42:47,485] [88 INFO - Hypothesis dg_000: float64, float64 ]
[2022-12-03 22:42:47,488] [88 INFO - Hypothesis dh_000: float64, float64 ]
[2022-12-03 22:42:47,504] [88 INFO - Hypothesis di_000: float64, float64 ]
[2022-12-03 22:42:47,508] [88 INFO - Hypothesis dj_000: float64, float64 ]
[2022-12-03 22:42:47,523] [88 INFO - Hypothesis dk_000: float64, float64 ]
[2022-12-03 22:42:47,538] [88 INFO - Hypothesis dl_000: float64, float64 ]
[2022-12-03 22:42:47,552] [88 INFO - Hypothesis dm_000: float64, float64 ]
[2022-12-03 22:42:47,567] [88 INFO - Hypothesis dn_000: float64, float64 ]
[2022-12-03 22:42:47,574] [88 INFO - Hypothesis do_000: float64, float64 ]
[2022-12-03 22:42:47,580] [88 INFO - Hypothesis dp_000: float64, float64 ]
[2022-12-03 22:42:47,586] [88 INFO - Hypothesis dq_000: float64, float64 ]
[2022-12-03 22:42:47,590] [88 INFO - Hypothesis dr_000: float64, float64 ]
[2022-12-03 22:42:47,594] [88 INFO - Hypothesis ds_000: float64, float64 ]
[2022-12-03 22:42:47,601] [88 INFO - Hypothesis dt_000: float64, float64 ]
[2022-12-03 22:42:47,608] [88 INFO - Hypothesis du_000: float64, float64 ]
[2022-12-03 22:42:47,614] [88 INFO - Hypothesis dv_000: float64, float64 ]
[2022-12-03 22:42:47,621] [88 INFO - Hypothesis dx_000: float64, float64 ]
[2022-12-03 22:42:47,626] [88 INFO - Hypothesis dy_000: float64, float64 ]
[2022-12-03 22:42:47,630] [88 INFO - Hypothesis dz_000: float64, float64 ]
[2022-12-03 22:42:47,645] [88 INFO - Hypothesis ea_000: float64, float64 ]
[2022-12-03 22:42:47,660] [88 INFO - Hypothesis eb_000: float64, float64 ]
[2022-12-03 22:42:47,666] [88 INFO - Hypothesis ec_00: float64, float64 ]
[2022-12-03 22:42:47,673] [88 INFO - Hypothesis ed_000: float64, float64 ]
[2022-12-03 22:42:47,680] [88 INFO - Hypothesis ee_000: float64, float64 ]
[2022-12-03 22:42:47,687] [88 INFO - Hypothesis ee_001: float64, float64 ]
[2022-12-03 22:42:47,695] [88 INFO - Hypothesis ee_002: float64, float64 ]
[2022-12-03 22:42:47,702] [88 INFO - Hypothesis ee_003: float64, float64 ]
[2022-12-03 22:42:47,709] [88 INFO - Hypothesis ee_004: float64, float64 ]
[2022-12-03 22:42:47,715] [88 INFO - Hypothesis ee_005: float64, float64 ]
[2022-12-03 22:42:47,722] [88 INFO - Hypothesis ee_006: float64, float64 ]
[2022-12-03 22:42:47,729] [88 INFO - Hypothesis ee_007: float64, float64 ]
[2022-12-03 22:42:47,735] [88 INFO - Hypothesis ee_008: float64, float64 ]
[2022-12-03 22:42:47,741] [88 INFO - Hypothesis ee_009: float64, float64 ]
[2022-12-03 22:42:47,746] [88 INFO - Hypothesis ef_000: float64, float64 ]
[2022-12-03 22:42:47,761] [88 INFO - Hypothesis eg_000: float64, float64 ]
[2022-12-03 22:42:47,775] [147 INFO - Write reprt in yaml file]
[2022-12-03 22:42:47,842] [152 INFO - Data validation artifact: DataValidationArtifact(report_file_path='/config/workspace/artifact/12032022__224222.log/data_validation/report.yaml')]
