[2022-12-03 22:24:01,530] [20 INFO - Exporting collection data as pandas dataframe]
[2022-12-03 22:24:01,530] [18 INFO - Reading data from database: aps and sensor]
[2022-12-03 22:24:04,769] [20 INFO - Found columns: Index(['_id', 'class', 'aa_000', 'ab_000', 'ac_000', 'ad_000', 'ae_000',
       'af_000', 'ag_000', 'ag_001',
       ...
       'ee_002', 'ee_003', 'ee_004', 'ee_005', 'ee_006', 'ee_007', 'ee_008',
       'ee_009', 'ef_000', 'eg_000'],
      dtype='object', length=172)]
[2022-12-03 22:24:04,770] [22 INFO - Dropping column : _id]
[2022-12-03 22:24:04,975] [24 INFO - Row and column in df: (36188, 171)]
[2022-12-03 22:24:04,975] [27 INFO - Save data in feature store]
[2022-12-03 22:24:05,497] [31 INFO - Create feature store folder if not available]
[2022-12-03 22:24:05,497] [36 INFO - Save df to feature store folder]
[2022-12-03 22:24:07,908] [40 INFO - split dataset into train and test set]
[2022-12-03 22:24:08,464] [47 INFO - Save df to feature store folder]
[2022-12-03 22:24:10,564] [60 INFO - Data ingestion artifact: DataIngestionArtifact(feature_store_file_path='/config/workspace/artifact/12032022__222401.log/data_ingestion/feature_store/sensor.csv', train_file_path='/config/workspace/artifact/12032022__222401.log/data_ingestion/dataset/train.csv', test_file_path='/config/workspace/artifact/12032022__222401.log/data_ingestion/dataset/test.csv')]
[2022-12-03 22:24:10,918] [19 INFO - >>>>>>>>>>>>>>>>>>>>>>>>>>>>>>>>>>>>>>>> Data Validation <<<<<<<<<<<<<<<<<<<<<<<<<<<<<<<<<<<<<<<<]
[2022-12-03 22:24:10,919] [104 INFO - Reading base Dataframe]
[2022-12-03 22:24:13,865] [107 INFO - Drop null values columns from base df]
[2022-12-03 22:24:14,903] [39 INFO - selecting column name which contains null above to 0.2]
[2022-12-03 22:24:14,904] [42 INFO - Columns to drop: ['ab_000', 'bk_000', 'bl_000', 'bm_000', 'bn_000', 'bo_000', 'bp_000', 'bq_000', 'br_000', 'cr_000']]
[2022-12-03 22:24:15,006] [110 INFO - Reading train dataframe]
[2022-12-03 22:24:15,396] [112 INFO - Reading Test dataframe]
[2022-12-03 22:24:15,496] [115 INFO - Drop null values columns from train df]
[2022-12-03 22:24:15,508] [39 INFO - selecting column name which contains null above to 0.2]
[2022-12-03 22:24:15,509] [42 INFO - Columns to drop: ['ab_000', 'bk_000', 'bl_000', 'bm_000', 'bn_000', 'bo_000', 'bp_000', 'bq_000', 'br_000', 'cr_000']]
[2022-12-03 22:24:15,509] [117 INFO - Drop null values columns from test df]
[2022-12-03 22:24:15,513] [39 INFO - selecting column name which contains null above to 0.2]
[2022-12-03 22:24:15,513] [42 INFO - Columns to drop: ['ab_000', 'bk_000', 'bl_000', 'bm_000', 'bn_000', 'bo_000', 'bp_000', 'bq_000', 'br_000', 'cr_000']]
[2022-12-03 22:24:15,513] [125 INFO - Is all required columns present in train df]
[2022-12-03 22:24:15,513] [127 INFO - Is all required columns present in test df]
[2022-12-03 22:24:15,514] [130 INFO - Status :None None]
