[2022-12-03 22:58:05,664] [20 INFO - Exporting collection data as pandas dataframe]
[2022-12-03 22:58:05,664] [18 INFO - Reading data from database: aps and sensor]
[2022-12-03 22:58:08,950] [20 INFO - Found columns: Index(['_id', 'class', 'aa_000', 'ab_000', 'ac_000', 'ad_000', 'ae_000',
       'af_000', 'ag_000', 'ag_001',
       ...
       'ee_002', 'ee_003', 'ee_004', 'ee_005', 'ee_006', 'ee_007', 'ee_008',
       'ee_009', 'ef_000', 'eg_000'],
      dtype='object', length=172)]
[2022-12-03 22:58:08,950] [22 INFO - Dropping column : _id]
[2022-12-03 22:58:09,155] [24 INFO - Row and column in df: (36188, 171)]
[2022-12-03 22:58:09,155] [27 INFO - Save data in feature store]
[2022-12-03 22:58:09,675] [31 INFO - Create feature store folder if not available]
[2022-12-03 22:58:09,675] [36 INFO - Save df to feature store folder]
[2022-12-03 22:58:12,008] [40 INFO - split dataset into train and test set]
[2022-12-03 22:58:12,503] [47 INFO - Save df to feature store folder]
[2022-12-03 22:58:14,563] [60 INFO - Data ingestion artifact: DataIngestionArtifact(feature_store_file_path='/config/workspace/artifact/12032022__225805.log/data_ingestion/feature_store/sensor.csv', train_file_path='/config/workspace/artifact/12032022__225805.log/data_ingestion/dataset/train.csv', test_file_path='/config/workspace/artifact/12032022__225805.log/data_ingestion/dataset/test.csv')]
[2022-12-03 22:58:14,917] [18 INFO - >>>>>>>>>>>>>>>>>>>>>>>>>>>>>>>>>>>>>>>> Data Validation <<<<<<<<<<<<<<<<<<<<<<<<<<<<<<<<<<<<<<<<]
[2022-12-03 22:58:14,918] [104 INFO - Reading base Dataframe]
[2022-12-03 22:58:17,631] [107 INFO - Replace na value in base df]
[2022-12-03 22:58:17,631] [109 INFO - Drop null values columns from base df]
[2022-12-03 22:58:18,554] [38 INFO - selecting column name which contains null above to 0.2]
[2022-12-03 22:58:18,554] [41 INFO - Columns to drop: ['ab_000', 'ad_000', 'bk_000', 'bl_000', 'bm_000', 'bn_000', 'bo_000', 'bp_000', 'bq_000', 'br_000', 'cf_000', 'cg_000', 'ch_000', 'co_000', 'cr_000', 'ct_000', 'cu_000', 'cv_000', 'cx_000', 'cy_000', 'cz_000', 'da_000', 'db_000', 'dc_000']]
[2022-12-03 22:58:18,615] [112 INFO - Reading train dataframe]
[2022-12-03 22:58:18,979] [114 INFO - Reading Test dataframe]
[2022-12-03 22:58:19,076] [117 INFO - Drop null values columns from train df]
[2022-12-03 22:58:19,088] [38 INFO - selecting column name which contains null above to 0.2]
[2022-12-03 22:58:19,089] [41 INFO - Columns to drop: ['ab_000', 'ad_000', 'bk_000', 'bl_000', 'bm_000', 'bn_000', 'bo_000', 'bp_000', 'bq_000', 'br_000', 'cf_000', 'cg_000', 'ch_000', 'co_000', 'cr_000', 'ct_000', 'cu_000', 'cv_000', 'cx_000', 'cy_000', 'cz_000', 'da_000', 'db_000', 'dc_000']]
[2022-12-03 22:58:19,089] [119 INFO - Drop null values columns from test df]
[2022-12-03 22:58:19,093] [38 INFO - selecting column name which contains null above to 0.2]
[2022-12-03 22:58:19,093] [41 INFO - Columns to drop: ['ab_000', 'ad_000', 'bk_000', 'bl_000', 'bm_000', 'bn_000', 'bo_000', 'bp_000', 'bq_000', 'br_000', 'cf_000', 'cg_000', 'ch_000', 'co_000', 'cr_000', 'ct_000', 'cu_000', 'cv_000', 'cx_000', 'cy_000', 'cz_000', 'da_000', 'db_000', 'dc_000']]
[2022-12-03 22:58:19,093] [127 INFO - Is all required columns present in train df]
[2022-12-03 22:58:19,093] [54 INFO - is_required_columns_exists execution started]
[2022-12-03 22:58:19,093] [129 INFO - Is all required columns present in test df]
[2022-12-03 22:58:19,093] [54 INFO - is_required_columns_exists execution started]
[2022-12-03 22:58:19,094] [132 INFO - Status :None None]
