[2022-12-03 23:11:40,359] [20 INFO - Exporting collection data as pandas dataframe]
[2022-12-03 23:11:40,359] [18 INFO - Reading data from database: aps and sensor]
[2022-12-03 23:11:43,602] [20 INFO - Found columns: Index(['_id', 'class', 'aa_000', 'ab_000', 'ac_000', 'ad_000', 'ae_000',
       'af_000', 'ag_000', 'ag_001',
       ...
       'ee_002', 'ee_003', 'ee_004', 'ee_005', 'ee_006', 'ee_007', 'ee_008',
       'ee_009', 'ef_000', 'eg_000'],
      dtype='object', length=172)]
[2022-12-03 23:11:43,603] [22 INFO - Dropping column : _id]
[2022-12-03 23:11:43,802] [24 INFO - Row and column in df: (36188, 171)]
[2022-12-03 23:11:43,802] [27 INFO - Save data in feature store]
[2022-12-03 23:11:44,321] [31 INFO - Create feature store folder if not available]
[2022-12-03 23:11:44,322] [36 INFO - Save df to feature store folder]
[2022-12-03 23:11:46,739] [40 INFO - split dataset into train and test set]
[2022-12-03 23:11:47,344] [47 INFO - Save df to feature store folder]
[2022-12-03 23:11:49,701] [60 INFO - Data ingestion artifact: DataIngestionArtifact(feature_store_file_path='/config/workspace/artifact/12032022__231140.log/data_ingestion/feature_store/sensor.csv', train_file_path='/config/workspace/artifact/12032022__231140.log/data_ingestion/dataset/train.csv', test_file_path='/config/workspace/artifact/12032022__231140.log/data_ingestion/dataset/test.csv')]
[2022-12-03 23:11:50,153] [18 INFO - >>>>>>>>>>>>>>>>>>>>>>>>>>>>>>>>>>>>>>>> Data Validation <<<<<<<<<<<<<<<<<<<<<<<<<<<<<<<<<<<<<<<<]
[2022-12-03 23:11:50,153] [105 INFO - Reading base Dataframe]
[2022-12-03 23:11:52,942] [108 INFO - Replace na value in base df]
[2022-12-03 23:11:52,942] [110 INFO - Drop null values columns from base df]
[2022-12-03 23:11:53,871] [38 INFO - selecting column name which contains null above to 0.2]
[2022-12-03 23:11:53,871] [41 INFO - Columns to drop: ['ab_000', 'ad_000', 'bk_000', 'bl_000', 'bm_000', 'bn_000', 'bo_000', 'bp_000', 'bq_000', 'br_000', 'cf_000', 'cg_000', 'ch_000', 'co_000', 'cr_000', 'ct_000', 'cu_000', 'cv_000', 'cx_000', 'cy_000', 'cz_000', 'da_000', 'db_000', 'dc_000']]
[2022-12-03 23:11:53,976] [113 INFO - Reading train dataframe]
[2022-12-03 23:11:54,368] [115 INFO - Reading Test dataframe]
[2022-12-03 23:11:54,466] [118 INFO - Drop null values columns from train df]
[2022-12-03 23:11:54,477] [38 INFO - selecting column name which contains null above to 0.2]
[2022-12-03 23:11:54,478] [41 INFO - Columns to drop: ['ab_000', 'ad_000', 'bk_000', 'bl_000', 'bm_000', 'bn_000', 'bo_000', 'bp_000', 'bq_000', 'br_000', 'cf_000', 'cg_000', 'ch_000', 'co_000', 'cr_000', 'ct_000', 'cu_000', 'cv_000', 'cx_000', 'cy_000', 'cz_000', 'da_000', 'db_000', 'dc_000']]
[2022-12-03 23:11:54,489] [120 INFO - Drop null values columns from test df]
[2022-12-03 23:11:54,493] [38 INFO - selecting column name which contains null above to 0.2]
[2022-12-03 23:11:54,494] [41 INFO - Columns to drop: ['ab_000', 'ad_000', 'bk_000', 'bl_000', 'bm_000', 'bn_000', 'bo_000', 'bp_000', 'bq_000', 'br_000', 'cf_000', 'cg_000', 'ch_000', 'co_000', 'cr_000', 'ct_000', 'cu_000', 'cv_000', 'cx_000', 'cy_000', 'cz_000', 'da_000', 'db_000', 'dc_000']]
[2022-12-03 23:12:00,291] [128 INFO - Is all required columns present in train df]
[2022-12-03 23:12:00,291] [54 INFO - is_required_columns_exists execution started]
[2022-12-03 23:12:00,291] [130 INFO - Is all required columns present in test df]
[2022-12-03 23:12:00,291] [54 INFO - is_required_columns_exists execution started]
[2022-12-03 23:12:00,291] [133 INFO - Status :True True]
[2022-12-03 23:12:00,291] [136 INFO - As all column are available in train df hence detecting data drift]
[2022-12-03 23:12:00,292] [82 INFO - Hypothesis class: object, object]
[2022-12-03 23:12:00,422] [82 INFO - Hypothesis aa_000: float64, float64]
[2022-12-03 23:12:00,463] [82 INFO - Hypothesis ac_000: float64, float64]
[2022-12-03 23:12:00,504] [82 INFO - Hypothesis ae_000: float64, float64]
[2022-12-03 23:12:00,540] [82 INFO - Hypothesis af_000: float64, float64]
[2022-12-03 23:12:00,575] [82 INFO - Hypothesis ag_000: float64, float64]
[2022-12-03 23:12:00,610] [82 INFO - Hypothesis ag_001: float64, float64]
[2022-12-03 23:12:00,645] [82 INFO - Hypothesis ag_002: float64, float64]
[2022-12-03 23:12:00,682] [82 INFO - Hypothesis ag_003: float64, float64]
[2022-12-03 23:12:00,719] [82 INFO - Hypothesis ag_004: float64, float64]
[2022-12-03 23:12:00,731] [82 INFO - Hypothesis ag_005: float64, float64]
[2022-12-03 23:12:00,773] [82 INFO - Hypothesis ag_006: float64, float64]
[2022-12-03 23:12:00,815] [82 INFO - Hypothesis ag_007: float64, float64]
[2022-12-03 23:12:00,824] [82 INFO - Hypothesis ag_008: float64, float64]
[2022-12-03 23:12:00,833] [82 INFO - Hypothesis ag_009: float64, float64]
[2022-12-03 23:12:00,840] [82 INFO - Hypothesis ah_000: float64, float64]
[2022-12-03 23:12:00,850] [82 INFO - Hypothesis ai_000: float64, float64]
[2022-12-03 23:12:00,887] [82 INFO - Hypothesis aj_000: float64, float64]
[2022-12-03 23:12:00,924] [82 INFO - Hypothesis ak_000: float64, float64]
[2022-12-03 23:12:00,959] [82 INFO - Hypothesis al_000: float64, float64]
[2022-12-03 23:12:00,997] [82 INFO - Hypothesis am_0: float64, float64]
[2022-12-03 23:12:01,036] [82 INFO - Hypothesis an_000: float64, float64]
[2022-12-03 23:12:01,047] [82 INFO - Hypothesis ao_000: float64, float64]
[2022-12-03 23:12:01,089] [82 INFO - Hypothesis ap_000: float64, float64]
[2022-12-03 23:12:01,099] [82 INFO - Hypothesis aq_000: float64, float64]
[2022-12-03 23:12:01,141] [82 INFO - Hypothesis ar_000: float64, float64]
[2022-12-03 23:12:01,176] [82 INFO - Hypothesis as_000: float64, float64]
[2022-12-03 23:12:01,211] [82 INFO - Hypothesis at_000: float64, float64]
[2022-12-03 23:12:01,248] [82 INFO - Hypothesis au_000: float64, float64]
[2022-12-03 23:12:01,282] [82 INFO - Hypothesis av_000: float64, float64]
[2022-12-03 23:12:01,321] [82 INFO - Hypothesis ax_000: float64, float64]
[2022-12-03 23:12:01,362] [82 INFO - Hypothesis ay_000: float64, float64]
[2022-12-03 23:12:01,397] [82 INFO - Hypothesis ay_001: float64, float64]
[2022-12-03 23:12:01,432] [82 INFO - Hypothesis ay_002: float64, float64]
[2022-12-03 23:12:01,468] [82 INFO - Hypothesis ay_003: float64, float64]
[2022-12-03 23:12:01,503] [82 INFO - Hypothesis ay_004: float64, float64]
[2022-12-03 23:12:01,539] [82 INFO - Hypothesis ay_005: float64, float64]
[2022-12-03 23:12:01,578] [82 INFO - Hypothesis ay_006: float64, float64]
[2022-12-03 23:12:01,618] [82 INFO - Hypothesis ay_007: float64, float64]
[2022-12-03 23:12:01,629] [82 INFO - Hypothesis ay_008: float64, float64]
[2022-12-03 23:12:01,670] [82 INFO - Hypothesis ay_009: float64, float64]
[2022-12-03 23:12:01,706] [82 INFO - Hypothesis az_000: float64, float64]
[2022-12-03 23:12:01,716] [82 INFO - Hypothesis az_001: float64, float64]
[2022-12-03 23:12:01,725] [82 INFO - Hypothesis az_002: float64, float64]
[2022-12-03 23:12:01,734] [82 INFO - Hypothesis az_003: float64, float64]
[2022-12-03 23:12:01,744] [82 INFO - Hypothesis az_004: float64, float64]
[2022-12-03 23:12:01,787] [82 INFO - Hypothesis az_005: float64, float64]
[2022-12-03 23:12:01,829] [82 INFO - Hypothesis az_006: float64, float64]
[2022-12-03 23:12:01,869] [82 INFO - Hypothesis az_007: float64, float64]
[2022-12-03 23:12:01,906] [82 INFO - Hypothesis az_008: float64, float64]
[2022-12-03 23:12:01,941] [82 INFO - Hypothesis az_009: float64, float64]
[2022-12-03 23:12:01,977] [82 INFO - Hypothesis ba_000: float64, float64]
[2022-12-03 23:12:01,987] [82 INFO - Hypothesis ba_001: float64, float64]
[2022-12-03 23:12:02,029] [82 INFO - Hypothesis ba_002: float64, float64]
[2022-12-03 23:12:02,041] [82 INFO - Hypothesis ba_003: float64, float64]
[2022-12-03 23:12:02,083] [82 INFO - Hypothesis ba_004: float64, float64]
[2022-12-03 23:12:02,124] [82 INFO - Hypothesis ba_005: float64, float64]
[2022-12-03 23:12:02,165] [82 INFO - Hypothesis ba_006: float64, float64]
[2022-12-03 23:12:02,206] [82 INFO - Hypothesis ba_007: float64, float64]
[2022-12-03 23:12:02,216] [82 INFO - Hypothesis ba_008: float64, float64]
[2022-12-03 23:12:02,256] [82 INFO - Hypothesis ba_009: float64, float64]
[2022-12-03 23:12:02,293] [82 INFO - Hypothesis bb_000: float64, float64]
[2022-12-03 23:12:02,304] [82 INFO - Hypothesis bc_000: float64, float64]
[2022-12-03 23:12:02,312] [82 INFO - Hypothesis bd_000: float64, float64]
[2022-12-03 23:12:02,351] [82 INFO - Hypothesis be_000: float64, float64]
[2022-12-03 23:12:02,359] [82 INFO - Hypothesis bf_000: float64, float64]
[2022-12-03 23:12:02,366] [82 INFO - Hypothesis bg_000: float64, float64]
[2022-12-03 23:12:02,376] [82 INFO - Hypothesis bh_000: float64, float64]
[2022-12-03 23:12:02,387] [82 INFO - Hypothesis bi_000: float64, float64]
[2022-12-03 23:12:02,397] [82 INFO - Hypothesis bj_000: float64, float64]
[2022-12-03 23:12:02,439] [82 INFO - Hypothesis bs_000: float64, float64]
[2022-12-03 23:12:02,450] [82 INFO - Hypothesis bt_000: float64, float64]
[2022-12-03 23:12:02,491] [82 INFO - Hypothesis bu_000: float64, float64]
[2022-12-03 23:12:02,501] [82 INFO - Hypothesis bv_000: float64, float64]
[2022-12-03 23:12:02,512] [82 INFO - Hypothesis bx_000: float64, float64]
[2022-12-03 23:12:02,522] [82 INFO - Hypothesis by_000: float64, float64]
[2022-12-03 23:12:02,532] [82 INFO - Hypothesis bz_000: float64, float64]
[2022-12-03 23:12:02,573] [82 INFO - Hypothesis ca_000: float64, float64]
[2022-12-03 23:12:02,584] [82 INFO - Hypothesis cb_000: float64, float64]
[2022-12-03 23:12:02,594] [82 INFO - Hypothesis cc_000: float64, float64]
[2022-12-03 23:12:02,605] [82 INFO - Hypothesis cd_000: float64, float64]
[2022-12-03 23:12:02,609] [82 INFO - Hypothesis ce_000: float64, float64]
[2022-12-03 23:12:02,650] [82 INFO - Hypothesis ci_000: float64, float64]
[2022-12-03 23:12:02,692] [82 INFO - Hypothesis cj_000: float64, float64]
[2022-12-03 23:12:02,730] [82 INFO - Hypothesis ck_000: float64, float64]
[2022-12-03 23:12:02,772] [82 INFO - Hypothesis cl_000: float64, float64]
[2022-12-03 23:12:02,809] [82 INFO - Hypothesis cm_000: float64, float64]
[2022-12-03 23:12:02,846] [82 INFO - Hypothesis cn_000: float64, float64]
[2022-12-03 23:12:02,882] [82 INFO - Hypothesis cn_001: float64, float64]
[2022-12-03 23:12:02,920] [82 INFO - Hypothesis cn_002: float64, float64]
[2022-12-03 23:12:02,959] [82 INFO - Hypothesis cn_003: float64, float64]
[2022-12-03 23:12:02,970] [82 INFO - Hypothesis cn_004: float64, float64]
[2022-12-03 23:12:02,980] [82 INFO - Hypothesis cn_005: float64, float64]
[2022-12-03 23:12:03,027] [82 INFO - Hypothesis cn_006: float64, float64]
[2022-12-03 23:12:03,070] [82 INFO - Hypothesis cn_007: float64, float64]
[2022-12-03 23:12:03,079] [82 INFO - Hypothesis cn_008: float64, float64]
[2022-12-03 23:12:03,120] [82 INFO - Hypothesis cn_009: float64, float64]
[2022-12-03 23:12:03,159] [82 INFO - Hypothesis cp_000: float64, float64]
[2022-12-03 23:12:03,166] [82 INFO - Hypothesis cq_000: float64, float64]
[2022-12-03 23:12:03,176] [82 INFO - Hypothesis cs_000: float64, float64]
[2022-12-03 23:12:03,186] [82 INFO - Hypothesis cs_001: float64, float64]
[2022-12-03 23:12:03,195] [82 INFO - Hypothesis cs_002: float64, float64]
[2022-12-03 23:12:03,236] [82 INFO - Hypothesis cs_003: float64, float64]
[2022-12-03 23:12:03,278] [82 INFO - Hypothesis cs_004: float64, float64]
[2022-12-03 23:12:03,289] [82 INFO - Hypothesis cs_005: float64, float64]
[2022-12-03 23:12:03,330] [82 INFO - Hypothesis cs_006: float64, float64]
[2022-12-03 23:12:03,373] [82 INFO - Hypothesis cs_007: float64, float64]
[2022-12-03 23:12:03,414] [82 INFO - Hypothesis cs_008: float64, float64]
[2022-12-03 23:12:03,422] [82 INFO - Hypothesis cs_009: float64, float64]
[2022-12-03 23:12:03,457] [82 INFO - Hypothesis dd_000: float64, float64]
[2022-12-03 23:12:03,498] [82 INFO - Hypothesis de_000: float64, float64]
[2022-12-03 23:12:03,537] [82 INFO - Hypothesis df_000: float64, float64]
[2022-12-03 23:12:03,573] [82 INFO - Hypothesis dg_000: float64, float64]
[2022-12-03 23:12:03,609] [82 INFO - Hypothesis dh_000: float64, float64]
[2022-12-03 23:12:03,645] [82 INFO - Hypothesis di_000: float64, float64]
[2022-12-03 23:12:03,682] [82 INFO - Hypothesis dj_000: float64, float64]
[2022-12-03 23:12:03,718] [82 INFO - Hypothesis dk_000: float64, float64]
[2022-12-03 23:12:03,753] [82 INFO - Hypothesis dl_000: float64, float64]
[2022-12-03 23:12:03,788] [82 INFO - Hypothesis dm_000: float64, float64]
[2022-12-03 23:12:03,824] [82 INFO - Hypothesis dn_000: float64, float64]
[2022-12-03 23:12:03,867] [82 INFO - Hypothesis do_000: float64, float64]
[2022-12-03 23:12:03,908] [82 INFO - Hypothesis dp_000: float64, float64]
[2022-12-03 23:12:03,949] [82 INFO - Hypothesis dq_000: float64, float64]
[2022-12-03 23:12:03,989] [82 INFO - Hypothesis dr_000: float64, float64]
[2022-12-03 23:12:04,027] [82 INFO - Hypothesis ds_000: float64, float64]
[2022-12-03 23:12:04,072] [82 INFO - Hypothesis dt_000: float64, float64]
[2022-12-03 23:12:04,083] [82 INFO - Hypothesis du_000: float64, float64]
[2022-12-03 23:12:04,124] [82 INFO - Hypothesis dv_000: float64, float64]
[2022-12-03 23:12:04,165] [82 INFO - Hypothesis dx_000: float64, float64]
[2022-12-03 23:12:04,203] [82 INFO - Hypothesis dy_000: float64, float64]
[2022-12-03 23:12:04,210] [82 INFO - Hypothesis dz_000: float64, float64]
[2022-12-03 23:12:04,245] [82 INFO - Hypothesis ea_000: float64, float64]
[2022-12-03 23:12:04,281] [82 INFO - Hypothesis eb_000: float64, float64]
[2022-12-03 23:12:04,289] [82 INFO - Hypothesis ec_00: float64, float64]
[2022-12-03 23:12:04,330] [82 INFO - Hypothesis ed_000: float64, float64]
[2022-12-03 23:12:04,339] [82 INFO - Hypothesis ee_000: float64, float64]
[2022-12-03 23:12:04,381] [82 INFO - Hypothesis ee_001: float64, float64]
[2022-12-03 23:12:04,392] [82 INFO - Hypothesis ee_002: float64, float64]
[2022-12-03 23:12:04,434] [82 INFO - Hypothesis ee_003: float64, float64]
[2022-12-03 23:12:04,475] [82 INFO - Hypothesis ee_004: float64, float64]
[2022-12-03 23:12:04,517] [82 INFO - Hypothesis ee_005: float64, float64]
[2022-12-03 23:12:04,527] [82 INFO - Hypothesis ee_006: float64, float64]
[2022-12-03 23:12:04,568] [82 INFO - Hypothesis ee_007: float64, float64]
[2022-12-03 23:12:04,680] [82 INFO - Hypothesis ee_008: float64, float64]
[2022-12-03 23:12:04,689] [82 INFO - Hypothesis ee_009: float64, float64]
[2022-12-03 23:12:04,697] [82 INFO - Hypothesis ef_000: float64, float64]
[2022-12-03 23:12:04,733] [82 INFO - Hypothesis eg_000: float64, float64]
[2022-12-03 23:12:04,769] [99 INFO - drift data for all columns collected]
[2022-12-03 23:12:04,769] [139 INFO - As all columns are present in test df hence detecting data drift]
[2022-12-03 23:12:04,769] [82 INFO - Hypothesis class: object, object]
[2022-12-03 23:12:04,842] [82 INFO - Hypothesis aa_000: float64, float64]
[2022-12-03 23:12:04,849] [82 INFO - Hypothesis ac_000: float64, float64]
[2022-12-03 23:12:04,855] [82 INFO - Hypothesis ae_000: float64, float64]
[2022-12-03 23:12:04,858] [82 INFO - Hypothesis af_000: float64, float64]
[2022-12-03 23:12:04,861] [82 INFO - Hypothesis ag_000: float64, float64]
[2022-12-03 23:12:04,875] [82 INFO - Hypothesis ag_001: float64, float64]
[2022-12-03 23:12:04,890] [82 INFO - Hypothesis ag_002: float64, float64]
[2022-12-03 23:12:04,893] [82 INFO - Hypothesis ag_003: float64, float64]
[2022-12-03 23:12:04,898] [82 INFO - Hypothesis ag_004: float64, float64]
[2022-12-03 23:12:04,904] [82 INFO - Hypothesis ag_005: float64, float64]
[2022-12-03 23:12:04,911] [82 INFO - Hypothesis ag_006: float64, float64]
[2022-12-03 23:12:04,919] [82 INFO - Hypothesis ag_007: float64, float64]
[2022-12-03 23:12:04,925] [82 INFO - Hypothesis ag_008: float64, float64]
[2022-12-03 23:12:04,931] [82 INFO - Hypothesis ag_009: float64, float64]
[2022-12-03 23:12:04,936] [82 INFO - Hypothesis ah_000: float64, float64]
[2022-12-03 23:12:04,943] [82 INFO - Hypothesis ai_000: float64, float64]
[2022-12-03 23:12:04,959] [82 INFO - Hypothesis aj_000: float64, float64]
[2022-12-03 23:12:04,965] [82 INFO - Hypothesis ak_000: float64, float64]
[2022-12-03 23:12:04,983] [82 INFO - Hypothesis al_000: float64, float64]
[2022-12-03 23:12:04,989] [82 INFO - Hypothesis am_0: float64, float64]
[2022-12-03 23:12:04,995] [82 INFO - Hypothesis an_000: float64, float64]
[2022-12-03 23:12:05,003] [82 INFO - Hypothesis ao_000: float64, float64]
[2022-12-03 23:12:05,012] [82 INFO - Hypothesis ap_000: float64, float64]
[2022-12-03 23:12:05,021] [82 INFO - Hypothesis aq_000: float64, float64]
[2022-12-03 23:12:05,030] [82 INFO - Hypothesis ar_000: float64, float64]
[2022-12-03 23:12:05,046] [82 INFO - Hypothesis as_000: float64, float64]
[2022-12-03 23:12:05,061] [82 INFO - Hypothesis at_000: float64, float64]
[2022-12-03 23:12:05,077] [82 INFO - Hypothesis au_000: float64, float64]
[2022-12-03 23:12:05,092] [82 INFO - Hypothesis av_000: float64, float64]
[2022-12-03 23:12:05,097] [82 INFO - Hypothesis ax_000: float64, float64]
[2022-12-03 23:12:05,103] [82 INFO - Hypothesis ay_000: float64, float64]
[2022-12-03 23:12:05,117] [82 INFO - Hypothesis ay_001: float64, float64]
[2022-12-03 23:12:05,132] [82 INFO - Hypothesis ay_002: float64, float64]
[2022-12-03 23:12:05,147] [82 INFO - Hypothesis ay_003: float64, float64]
[2022-12-03 23:12:05,162] [82 INFO - Hypothesis ay_004: float64, float64]
[2022-12-03 23:12:05,166] [82 INFO - Hypothesis ay_005: float64, float64]
[2022-12-03 23:12:05,171] [82 INFO - Hypothesis ay_006: float64, float64]
[2022-12-03 23:12:05,177] [82 INFO - Hypothesis ay_007: float64, float64]
[2022-12-03 23:12:05,184] [82 INFO - Hypothesis ay_008: float64, float64]
[2022-12-03 23:12:05,191] [82 INFO - Hypothesis ay_009: float64, float64]
[2022-12-03 23:12:05,206] [82 INFO - Hypothesis az_000: float64, float64]
[2022-12-03 23:12:05,212] [82 INFO - Hypothesis az_001: float64, float64]
[2022-12-03 23:12:05,218] [82 INFO - Hypothesis az_002: float64, float64]
[2022-12-03 23:12:05,225] [82 INFO - Hypothesis az_003: float64, float64]
[2022-12-03 23:12:05,231] [82 INFO - Hypothesis az_004: float64, float64]
[2022-12-03 23:12:05,238] [82 INFO - Hypothesis az_005: float64, float64]
[2022-12-03 23:12:05,245] [82 INFO - Hypothesis az_006: float64, float64]
[2022-12-03 23:12:05,251] [82 INFO - Hypothesis az_007: float64, float64]
[2022-12-03 23:12:05,255] [82 INFO - Hypothesis az_008: float64, float64]
[2022-12-03 23:12:05,271] [82 INFO - Hypothesis az_009: float64, float64]
[2022-12-03 23:12:05,285] [82 INFO - Hypothesis ba_000: float64, float64]
[2022-12-03 23:12:05,293] [82 INFO - Hypothesis ba_001: float64, float64]
[2022-12-03 23:12:05,299] [82 INFO - Hypothesis ba_002: float64, float64]
[2022-12-03 23:12:05,306] [82 INFO - Hypothesis ba_003: float64, float64]
[2022-12-03 23:12:05,313] [82 INFO - Hypothesis ba_004: float64, float64]
[2022-12-03 23:12:05,320] [82 INFO - Hypothesis ba_005: float64, float64]
[2022-12-03 23:12:05,327] [82 INFO - Hypothesis ba_006: float64, float64]
[2022-12-03 23:12:05,333] [82 INFO - Hypothesis ba_007: float64, float64]
[2022-12-03 23:12:05,340] [82 INFO - Hypothesis ba_008: float64, float64]
[2022-12-03 23:12:05,345] [82 INFO - Hypothesis ba_009: float64, float64]
[2022-12-03 23:12:05,349] [82 INFO - Hypothesis bb_000: float64, float64]
[2022-12-03 23:12:05,356] [82 INFO - Hypothesis bc_000: float64, float64]
[2022-12-03 23:12:05,362] [82 INFO - Hypothesis bd_000: float64, float64]
[2022-12-03 23:12:05,367] [82 INFO - Hypothesis be_000: float64, float64]
[2022-12-03 23:12:05,373] [82 INFO - Hypothesis bf_000: float64, float64]
[2022-12-03 23:12:05,378] [82 INFO - Hypothesis bg_000: float64, float64]
[2022-12-03 23:12:05,385] [82 INFO - Hypothesis bh_000: float64, float64]
[2022-12-03 23:12:05,392] [82 INFO - Hypothesis bi_000: float64, float64]
[2022-12-03 23:12:05,399] [82 INFO - Hypothesis bj_000: float64, float64]
[2022-12-03 23:12:05,406] [82 INFO - Hypothesis bs_000: float64, float64]
[2022-12-03 23:12:05,413] [82 INFO - Hypothesis bt_000: float64, float64]
[2022-12-03 23:12:05,420] [82 INFO - Hypothesis bu_000: float64, float64]
[2022-12-03 23:12:05,427] [82 INFO - Hypothesis bv_000: float64, float64]
[2022-12-03 23:12:05,434] [82 INFO - Hypothesis bx_000: float64, float64]
[2022-12-03 23:12:05,441] [82 INFO - Hypothesis by_000: float64, float64]
[2022-12-03 23:12:05,448] [82 INFO - Hypothesis bz_000: float64, float64]
[2022-12-03 23:12:05,454] [82 INFO - Hypothesis ca_000: float64, float64]
[2022-12-03 23:12:05,461] [82 INFO - Hypothesis cb_000: float64, float64]
[2022-12-03 23:12:05,468] [82 INFO - Hypothesis cc_000: float64, float64]
[2022-12-03 23:12:05,475] [82 INFO - Hypothesis cd_000: float64, float64]
[2022-12-03 23:12:05,490] [82 INFO - Hypothesis ce_000: float64, float64]
[2022-12-03 23:12:05,496] [82 INFO - Hypothesis ci_000: float64, float64]
[2022-12-03 23:12:05,503] [82 INFO - Hypothesis cj_000: float64, float64]
[2022-12-03 23:12:05,507] [82 INFO - Hypothesis ck_000: float64, float64]
[2022-12-03 23:12:05,514] [82 INFO - Hypothesis cl_000: float64, float64]
[2022-12-03 23:12:05,518] [82 INFO - Hypothesis cm_000: float64, float64]
[2022-12-03 23:12:05,523] [82 INFO - Hypothesis cn_000: float64, float64]
[2022-12-03 23:12:05,526] [82 INFO - Hypothesis cn_001: float64, float64]
[2022-12-03 23:12:05,530] [82 INFO - Hypothesis cn_002: float64, float64]
[2022-12-03 23:12:05,535] [82 INFO - Hypothesis cn_003: float64, float64]
[2022-12-03 23:12:05,542] [82 INFO - Hypothesis cn_004: float64, float64]
[2022-12-03 23:12:05,549] [82 INFO - Hypothesis cn_005: float64, float64]
[2022-12-03 23:12:05,556] [82 INFO - Hypothesis cn_006: float64, float64]
[2022-12-03 23:12:05,563] [82 INFO - Hypothesis cn_007: float64, float64]
[2022-12-03 23:12:05,569] [82 INFO - Hypothesis cn_008: float64, float64]
[2022-12-03 23:12:05,576] [82 INFO - Hypothesis cn_009: float64, float64]
[2022-12-03 23:12:05,581] [82 INFO - Hypothesis cp_000: float64, float64]
[2022-12-03 23:12:05,586] [82 INFO - Hypothesis cq_000: float64, float64]
[2022-12-03 23:12:05,593] [82 INFO - Hypothesis cs_000: float64, float64]
[2022-12-03 23:12:05,600] [82 INFO - Hypothesis cs_001: float64, float64]
[2022-12-03 23:12:05,606] [82 INFO - Hypothesis cs_002: float64, float64]
[2022-12-03 23:12:05,612] [82 INFO - Hypothesis cs_003: float64, float64]
[2022-12-03 23:12:05,619] [82 INFO - Hypothesis cs_004: float64, float64]
[2022-12-03 23:12:05,626] [82 INFO - Hypothesis cs_005: float64, float64]
[2022-12-03 23:12:05,633] [82 INFO - Hypothesis cs_006: float64, float64]
[2022-12-03 23:12:05,640] [82 INFO - Hypothesis cs_007: float64, float64]
[2022-12-03 23:12:05,647] [82 INFO - Hypothesis cs_008: float64, float64]
[2022-12-03 23:12:05,652] [82 INFO - Hypothesis cs_009: float64, float64]
[2022-12-03 23:12:05,668] [82 INFO - Hypothesis dd_000: float64, float64]
[2022-12-03 23:12:05,674] [82 INFO - Hypothesis de_000: float64, float64]
[2022-12-03 23:12:05,680] [82 INFO - Hypothesis df_000: float64, float64]
[2022-12-03 23:12:05,695] [82 INFO - Hypothesis dg_000: float64, float64]
[2022-12-03 23:12:05,698] [82 INFO - Hypothesis dh_000: float64, float64]
[2022-12-03 23:12:05,702] [82 INFO - Hypothesis di_000: float64, float64]
[2022-12-03 23:12:05,706] [82 INFO - Hypothesis dj_000: float64, float64]
[2022-12-03 23:12:05,721] [82 INFO - Hypothesis dk_000: float64, float64]
[2022-12-03 23:12:05,736] [82 INFO - Hypothesis dl_000: float64, float64]
[2022-12-03 23:12:05,751] [82 INFO - Hypothesis dm_000: float64, float64]
[2022-12-03 23:12:05,765] [82 INFO - Hypothesis dn_000: float64, float64]
[2022-12-03 23:12:05,772] [82 INFO - Hypothesis do_000: float64, float64]
[2022-12-03 23:12:05,778] [82 INFO - Hypothesis dp_000: float64, float64]
[2022-12-03 23:12:05,784] [82 INFO - Hypothesis dq_000: float64, float64]
[2022-12-03 23:12:05,788] [82 INFO - Hypothesis dr_000: float64, float64]
[2022-12-03 23:12:05,792] [82 INFO - Hypothesis ds_000: float64, float64]
[2022-12-03 23:12:05,799] [82 INFO - Hypothesis dt_000: float64, float64]
[2022-12-03 23:12:05,806] [82 INFO - Hypothesis du_000: float64, float64]
[2022-12-03 23:12:05,813] [82 INFO - Hypothesis dv_000: float64, float64]
[2022-12-03 23:12:05,820] [82 INFO - Hypothesis dx_000: float64, float64]
[2022-12-03 23:12:05,825] [82 INFO - Hypothesis dy_000: float64, float64]
[2022-12-03 23:12:05,829] [82 INFO - Hypothesis dz_000: float64, float64]
[2022-12-03 23:12:05,844] [82 INFO - Hypothesis ea_000: float64, float64]
[2022-12-03 23:12:05,859] [82 INFO - Hypothesis eb_000: float64, float64]
[2022-12-03 23:12:05,865] [82 INFO - Hypothesis ec_00: float64, float64]
[2022-12-03 23:12:05,871] [82 INFO - Hypothesis ed_000: float64, float64]
[2022-12-03 23:12:05,877] [82 INFO - Hypothesis ee_000: float64, float64]
[2022-12-03 23:12:05,884] [82 INFO - Hypothesis ee_001: float64, float64]
[2022-12-03 23:12:05,891] [82 INFO - Hypothesis ee_002: float64, float64]
[2022-12-03 23:12:05,898] [82 INFO - Hypothesis ee_003: float64, float64]
[2022-12-03 23:12:05,905] [82 INFO - Hypothesis ee_004: float64, float64]
[2022-12-03 23:12:05,912] [82 INFO - Hypothesis ee_005: float64, float64]
[2022-12-03 23:12:05,919] [82 INFO - Hypothesis ee_006: float64, float64]
[2022-12-03 23:12:05,926] [82 INFO - Hypothesis ee_007: float64, float64]
[2022-12-03 23:12:05,933] [82 INFO - Hypothesis ee_008: float64, float64]
[2022-12-03 23:12:05,939] [82 INFO - Hypothesis ee_009: float64, float64]
[2022-12-03 23:12:05,944] [82 INFO - Hypothesis ef_000: float64, float64]
[2022-12-03 23:12:05,960] [82 INFO - Hypothesis eg_000: float64, float64]
[2022-12-03 23:12:05,978] [99 INFO - drift data for all columns collected]
[2022-12-03 23:12:06,047] [144 INFO - write report in yaml file]
[2022-12-03 23:12:06,048] [147 INFO - Data Validation artifact: DataValidationArtifact(report_file_path='/config/workspace/artifact/12032022__231140.log/data_validation/report.yaml')]
