[2022-12-03 23:08:41,889] [20 INFO - Exporting collection data as pandas dataframe]
[2022-12-03 23:08:41,890] [18 INFO - Reading data from database: aps and sensor]
[2022-12-03 23:08:45,138] [20 INFO - Found columns: Index(['_id', 'class', 'aa_000', 'ab_000', 'ac_000', 'ad_000', 'ae_000',
       'af_000', 'ag_000', 'ag_001',
       ...
       'ee_002', 'ee_003', 'ee_004', 'ee_005', 'ee_006', 'ee_007', 'ee_008',
       'ee_009', 'ef_000', 'eg_000'],
      dtype='object', length=172)]
[2022-12-03 23:08:45,138] [22 INFO - Dropping column : _id]
[2022-12-03 23:08:45,514] [24 INFO - Row and column in df: (36188, 171)]
[2022-12-03 23:08:45,514] [27 INFO - Save data in feature store]
[2022-12-03 23:08:46,269] [31 INFO - Create feature store folder if not available]
[2022-12-03 23:08:46,269] [36 INFO - Save df to feature store folder]
[2022-12-03 23:08:48,736] [40 INFO - split dataset into train and test set]
[2022-12-03 23:08:49,473] [47 INFO - Save df to feature store folder]
[2022-12-03 23:08:51,623] [60 INFO - Data ingestion artifact: DataIngestionArtifact(feature_store_file_path='/config/workspace/artifact/12032022__230841.log/data_ingestion/feature_store/sensor.csv', train_file_path='/config/workspace/artifact/12032022__230841.log/data_ingestion/dataset/train.csv', test_file_path='/config/workspace/artifact/12032022__230841.log/data_ingestion/dataset/test.csv')]
[2022-12-03 23:08:52,034] [18 INFO - >>>>>>>>>>>>>>>>>>>>>>>>>>>>>>>>>>>>>>>> Data Validation <<<<<<<<<<<<<<<<<<<<<<<<<<<<<<<<<<<<<<<<]
[2022-12-03 23:08:52,035] [105 INFO - Reading base Dataframe]
[2022-12-03 23:08:54,912] [108 INFO - Replace na value in base df]
[2022-12-03 23:08:54,913] [110 INFO - Drop null values columns from base df]
[2022-12-03 23:08:55,790] [38 INFO - selecting column name which contains null above to 0.2]
[2022-12-03 23:08:55,791] [41 INFO - Columns to drop: ['ab_000', 'ad_000', 'bk_000', 'bl_000', 'bm_000', 'bn_000', 'bo_000', 'bp_000', 'bq_000', 'br_000', 'cf_000', 'cg_000', 'ch_000', 'co_000', 'cr_000', 'ct_000', 'cu_000', 'cv_000', 'cx_000', 'cy_000', 'cz_000', 'da_000', 'db_000', 'dc_000']]
[2022-12-03 23:08:55,869] [113 INFO - Reading train dataframe]
[2022-12-03 23:08:56,278] [115 INFO - Reading Test dataframe]
[2022-12-03 23:08:56,376] [118 INFO - Drop null values columns from train df]
[2022-12-03 23:08:56,387] [38 INFO - selecting column name which contains null above to 0.2]
[2022-12-03 23:08:56,388] [41 INFO - Columns to drop: ['ab_000', 'ad_000', 'bk_000', 'bl_000', 'bm_000', 'bn_000', 'bo_000', 'bp_000', 'bq_000', 'br_000', 'cf_000', 'cg_000', 'ch_000', 'co_000', 'cr_000', 'ct_000', 'cu_000', 'cv_000', 'cx_000', 'cy_000', 'cz_000', 'da_000', 'db_000', 'dc_000']]
[2022-12-03 23:08:56,399] [120 INFO - Drop null values columns from test df]
[2022-12-03 23:08:56,403] [38 INFO - selecting column name which contains null above to 0.2]
[2022-12-03 23:08:56,404] [41 INFO - Columns to drop: ['ab_000', 'ad_000', 'bk_000', 'bl_000', 'bm_000', 'bn_000', 'bo_000', 'bp_000', 'bq_000', 'br_000', 'cf_000', 'cg_000', 'ch_000', 'co_000', 'cr_000', 'ct_000', 'cu_000', 'cv_000', 'cx_000', 'cy_000', 'cz_000', 'da_000', 'db_000', 'dc_000']]
[2022-12-03 23:09:02,281] [128 INFO - Is all required columns present in train df]
[2022-12-03 23:09:02,281] [54 INFO - is_required_columns_exists execution started]
[2022-12-03 23:09:02,281] [130 INFO - Is all required columns present in test df]
[2022-12-03 23:09:02,281] [54 INFO - is_required_columns_exists execution started]
[2022-12-03 23:09:02,281] [133 INFO - Status :True True]
[2022-12-03 23:09:02,282] [136 INFO - As all column are available in train df hence detecting data drift]
[2022-12-03 23:09:02,282] [82 INFO - Hypothesis class: object, object]
[2022-12-03 23:09:02,417] [82 INFO - Hypothesis aa_000: float64, float64]
[2022-12-03 23:09:02,458] [82 INFO - Hypothesis ac_000: float64, float64]
[2022-12-03 23:09:02,467] [82 INFO - Hypothesis ae_000: float64, float64]
[2022-12-03 23:09:02,502] [82 INFO - Hypothesis af_000: float64, float64]
[2022-12-03 23:09:02,538] [82 INFO - Hypothesis ag_000: float64, float64]
[2022-12-03 23:09:02,572] [82 INFO - Hypothesis ag_001: float64, float64]
[2022-12-03 23:09:02,607] [82 INFO - Hypothesis ag_002: float64, float64]
[2022-12-03 23:09:02,642] [82 INFO - Hypothesis ag_003: float64, float64]
[2022-12-03 23:09:02,678] [82 INFO - Hypothesis ag_004: float64, float64]
[2022-12-03 23:09:02,719] [82 INFO - Hypothesis ag_005: float64, float64]
[2022-12-03 23:09:02,760] [82 INFO - Hypothesis ag_006: float64, float64]
[2022-12-03 23:09:02,802] [82 INFO - Hypothesis ag_007: float64, float64]
[2022-12-03 23:09:02,842] [82 INFO - Hypothesis ag_008: float64, float64]
[2022-12-03 23:09:02,881] [82 INFO - Hypothesis ag_009: float64, float64]
[2022-12-03 23:09:02,888] [82 INFO - Hypothesis ah_000: float64, float64]
[2022-12-03 23:09:02,930] [82 INFO - Hypothesis ai_000: float64, float64]
[2022-12-03 23:09:02,973] [82 INFO - Hypothesis aj_000: float64, float64]
[2022-12-03 23:09:03,010] [82 INFO - Hypothesis ak_000: float64, float64]
[2022-12-03 23:09:03,045] [82 INFO - Hypothesis al_000: float64, float64]
[2022-12-03 23:09:03,085] [82 INFO - Hypothesis am_0: float64, float64]
[2022-12-03 23:09:03,123] [82 INFO - Hypothesis an_000: float64, float64]
[2022-12-03 23:09:03,134] [82 INFO - Hypothesis ao_000: float64, float64]
[2022-12-03 23:09:03,144] [82 INFO - Hypothesis ap_000: float64, float64]
[2022-12-03 23:09:03,186] [82 INFO - Hypothesis aq_000: float64, float64]
[2022-12-03 23:09:03,228] [82 INFO - Hypothesis ar_000: float64, float64]
[2022-12-03 23:09:03,263] [82 INFO - Hypothesis as_000: float64, float64]
[2022-12-03 23:09:03,298] [82 INFO - Hypothesis at_000: float64, float64]
[2022-12-03 23:09:03,334] [82 INFO - Hypothesis au_000: float64, float64]
[2022-12-03 23:09:03,368] [82 INFO - Hypothesis av_000: float64, float64]
[2022-12-03 23:09:03,408] [82 INFO - Hypothesis ax_000: float64, float64]
[2022-12-03 23:09:03,447] [82 INFO - Hypothesis ay_000: float64, float64]
[2022-12-03 23:09:03,482] [82 INFO - Hypothesis ay_001: float64, float64]
[2022-12-03 23:09:03,517] [82 INFO - Hypothesis ay_002: float64, float64]
[2022-12-03 23:09:03,552] [82 INFO - Hypothesis ay_003: float64, float64]
[2022-12-03 23:09:03,586] [82 INFO - Hypothesis ay_004: float64, float64]
[2022-12-03 23:09:03,622] [82 INFO - Hypothesis ay_005: float64, float64]
[2022-12-03 23:09:03,661] [82 INFO - Hypothesis ay_006: float64, float64]
[2022-12-03 23:09:03,701] [82 INFO - Hypothesis ay_007: float64, float64]
[2022-12-03 23:09:03,742] [82 INFO - Hypothesis ay_008: float64, float64]
[2022-12-03 23:09:03,782] [82 INFO - Hypothesis ay_009: float64, float64]
[2022-12-03 23:09:03,817] [82 INFO - Hypothesis az_000: float64, float64]
[2022-12-03 23:09:03,859] [82 INFO - Hypothesis az_001: float64, float64]
[2022-12-03 23:09:03,868] [82 INFO - Hypothesis az_002: float64, float64]
[2022-12-03 23:09:03,878] [82 INFO - Hypothesis az_003: float64, float64]
[2022-12-03 23:09:03,888] [82 INFO - Hypothesis az_004: float64, float64]
[2022-12-03 23:09:03,898] [82 INFO - Hypothesis az_005: float64, float64]
[2022-12-03 23:09:03,939] [82 INFO - Hypothesis az_006: float64, float64]
[2022-12-03 23:09:03,948] [82 INFO - Hypothesis az_007: float64, float64]
[2022-12-03 23:09:03,985] [82 INFO - Hypothesis az_008: float64, float64]
[2022-12-03 23:09:04,020] [82 INFO - Hypothesis az_009: float64, float64]
[2022-12-03 23:09:04,056] [82 INFO - Hypothesis ba_000: float64, float64]
[2022-12-03 23:09:04,099] [82 INFO - Hypothesis ba_001: float64, float64]
[2022-12-03 23:09:04,140] [82 INFO - Hypothesis ba_002: float64, float64]
[2022-12-03 23:09:04,181] [82 INFO - Hypothesis ba_003: float64, float64]
[2022-12-03 23:09:04,222] [82 INFO - Hypothesis ba_004: float64, float64]
[2022-12-03 23:09:04,263] [82 INFO - Hypothesis ba_005: float64, float64]
[2022-12-03 23:09:04,304] [82 INFO - Hypothesis ba_006: float64, float64]
[2022-12-03 23:09:04,346] [82 INFO - Hypothesis ba_007: float64, float64]
[2022-12-03 23:09:04,355] [82 INFO - Hypothesis ba_008: float64, float64]
[2022-12-03 23:09:04,395] [82 INFO - Hypothesis ba_009: float64, float64]
[2022-12-03 23:09:04,433] [82 INFO - Hypothesis bb_000: float64, float64]
[2022-12-03 23:09:04,475] [82 INFO - Hypothesis bc_000: float64, float64]
[2022-12-03 23:09:04,482] [82 INFO - Hypothesis bd_000: float64, float64]
[2022-12-03 23:09:04,521] [82 INFO - Hypothesis be_000: float64, float64]
[2022-12-03 23:09:04,530] [82 INFO - Hypothesis bf_000: float64, float64]
[2022-12-03 23:09:04,567] [82 INFO - Hypothesis bg_000: float64, float64]
[2022-12-03 23:09:04,608] [82 INFO - Hypothesis bh_000: float64, float64]
[2022-12-03 23:09:04,649] [82 INFO - Hypothesis bi_000: float64, float64]
[2022-12-03 23:09:04,694] [82 INFO - Hypothesis bj_000: float64, float64]
[2022-12-03 23:09:04,735] [82 INFO - Hypothesis bs_000: float64, float64]
[2022-12-03 23:09:04,777] [82 INFO - Hypothesis bt_000: float64, float64]
[2022-12-03 23:09:04,818] [82 INFO - Hypothesis bu_000: float64, float64]
[2022-12-03 23:09:04,859] [82 INFO - Hypothesis bv_000: float64, float64]
[2022-12-03 23:09:04,901] [82 INFO - Hypothesis bx_000: float64, float64]
[2022-12-03 23:09:04,942] [82 INFO - Hypothesis by_000: float64, float64]
[2022-12-03 23:09:04,984] [82 INFO - Hypothesis bz_000: float64, float64]
[2022-12-03 23:09:04,993] [82 INFO - Hypothesis ca_000: float64, float64]
[2022-12-03 23:09:05,037] [82 INFO - Hypothesis cb_000: float64, float64]
[2022-12-03 23:09:05,048] [82 INFO - Hypothesis cc_000: float64, float64]
[2022-12-03 23:09:05,089] [82 INFO - Hypothesis cd_000: float64, float64]
[2022-12-03 23:09:05,124] [82 INFO - Hypothesis ce_000: float64, float64]
[2022-12-03 23:09:05,165] [82 INFO - Hypothesis ci_000: float64, float64]
[2022-12-03 23:09:05,207] [82 INFO - Hypothesis cj_000: float64, float64]
[2022-12-03 23:09:05,244] [82 INFO - Hypothesis ck_000: float64, float64]
[2022-12-03 23:09:05,286] [82 INFO - Hypothesis cl_000: float64, float64]
[2022-12-03 23:09:05,292] [82 INFO - Hypothesis cm_000: float64, float64]
[2022-12-03 23:09:05,330] [82 INFO - Hypothesis cn_000: float64, float64]
[2022-12-03 23:09:05,366] [82 INFO - Hypothesis cn_001: float64, float64]
[2022-12-03 23:09:05,402] [82 INFO - Hypothesis cn_002: float64, float64]
[2022-12-03 23:09:05,440] [82 INFO - Hypothesis cn_003: float64, float64]
[2022-12-03 23:09:05,482] [82 INFO - Hypothesis cn_004: float64, float64]
[2022-12-03 23:09:05,493] [82 INFO - Hypothesis cn_005: float64, float64]
[2022-12-03 23:09:05,535] [82 INFO - Hypothesis cn_006: float64, float64]
[2022-12-03 23:09:05,576] [82 INFO - Hypothesis cn_007: float64, float64]
[2022-12-03 23:09:05,617] [82 INFO - Hypothesis cn_008: float64, float64]
[2022-12-03 23:09:05,657] [82 INFO - Hypothesis cn_009: float64, float64]
[2022-12-03 23:09:05,698] [82 INFO - Hypothesis cp_000: float64, float64]
[2022-12-03 23:09:05,736] [82 INFO - Hypothesis cq_000: float64, float64]
[2022-12-03 23:09:05,777] [82 INFO - Hypothesis cs_000: float64, float64]
[2022-12-03 23:09:05,818] [82 INFO - Hypothesis cs_001: float64, float64]
[2022-12-03 23:09:05,856] [82 INFO - Hypothesis cs_002: float64, float64]
[2022-12-03 23:09:05,896] [82 INFO - Hypothesis cs_003: float64, float64]
[2022-12-03 23:09:05,906] [82 INFO - Hypothesis cs_004: float64, float64]
[2022-12-03 23:09:05,948] [82 INFO - Hypothesis cs_005: float64, float64]
[2022-12-03 23:09:05,990] [82 INFO - Hypothesis cs_006: float64, float64]
[2022-12-03 23:09:06,031] [82 INFO - Hypothesis cs_007: float64, float64]
[2022-12-03 23:09:06,073] [82 INFO - Hypothesis cs_008: float64, float64]
[2022-12-03 23:09:06,111] [82 INFO - Hypothesis cs_009: float64, float64]
[2022-12-03 23:09:06,146] [82 INFO - Hypothesis dd_000: float64, float64]
[2022-12-03 23:09:06,155] [82 INFO - Hypothesis de_000: float64, float64]
[2022-12-03 23:09:06,194] [82 INFO - Hypothesis df_000: float64, float64]
[2022-12-03 23:09:06,229] [82 INFO - Hypothesis dg_000: float64, float64]
[2022-12-03 23:09:06,267] [82 INFO - Hypothesis dh_000: float64, float64]
[2022-12-03 23:09:06,304] [82 INFO - Hypothesis di_000: float64, float64]
[2022-12-03 23:09:06,341] [82 INFO - Hypothesis dj_000: float64, float64]
[2022-12-03 23:09:06,377] [82 INFO - Hypothesis dk_000: float64, float64]
[2022-12-03 23:09:06,412] [82 INFO - Hypothesis dl_000: float64, float64]
[2022-12-03 23:09:06,448] [82 INFO - Hypothesis dm_000: float64, float64]
[2022-12-03 23:09:06,484] [82 INFO - Hypothesis dn_000: float64, float64]
[2022-12-03 23:09:06,527] [82 INFO - Hypothesis do_000: float64, float64]
[2022-12-03 23:09:06,536] [82 INFO - Hypothesis dp_000: float64, float64]
[2022-12-03 23:09:06,545] [82 INFO - Hypothesis dq_000: float64, float64]
[2022-12-03 23:09:06,584] [82 INFO - Hypothesis dr_000: float64, float64]
[2022-12-03 23:09:06,621] [82 INFO - Hypothesis ds_000: float64, float64]
[2022-12-03 23:09:06,632] [82 INFO - Hypothesis dt_000: float64, float64]
[2022-12-03 23:09:06,642] [82 INFO - Hypothesis du_000: float64, float64]
[2022-12-03 23:09:06,653] [82 INFO - Hypothesis dv_000: float64, float64]
[2022-12-03 23:09:06,664] [82 INFO - Hypothesis dx_000: float64, float64]
[2022-12-03 23:09:06,705] [82 INFO - Hypothesis dy_000: float64, float64]
[2022-12-03 23:09:06,743] [82 INFO - Hypothesis dz_000: float64, float64]
[2022-12-03 23:09:06,779] [82 INFO - Hypothesis ea_000: float64, float64]
[2022-12-03 23:09:06,814] [82 INFO - Hypothesis eb_000: float64, float64]
[2022-12-03 23:09:06,853] [82 INFO - Hypothesis ec_00: float64, float64]
[2022-12-03 23:09:06,894] [82 INFO - Hypothesis ed_000: float64, float64]
[2022-12-03 23:09:06,933] [82 INFO - Hypothesis ee_000: float64, float64]
[2022-12-03 23:09:06,976] [82 INFO - Hypothesis ee_001: float64, float64]
[2022-12-03 23:09:07,017] [82 INFO - Hypothesis ee_002: float64, float64]
[2022-12-03 23:09:07,063] [82 INFO - Hypothesis ee_003: float64, float64]
[2022-12-03 23:09:07,103] [82 INFO - Hypothesis ee_004: float64, float64]
[2022-12-03 23:09:07,144] [82 INFO - Hypothesis ee_005: float64, float64]
[2022-12-03 23:09:07,186] [82 INFO - Hypothesis ee_006: float64, float64]
[2022-12-03 23:09:07,226] [82 INFO - Hypothesis ee_007: float64, float64]
[2022-12-03 23:09:07,236] [82 INFO - Hypothesis ee_008: float64, float64]
[2022-12-03 23:09:07,316] [82 INFO - Hypothesis ee_009: float64, float64]
[2022-12-03 23:09:07,323] [82 INFO - Hypothesis ef_000: float64, float64]
[2022-12-03 23:09:07,358] [82 INFO - Hypothesis eg_000: float64, float64]
[2022-12-03 23:09:07,392] [99 INFO - drift data for all columns collected]
[2022-12-03 23:09:07,392] [139 INFO - As all columns are present in test df hence detecting data drift]
[2022-12-03 23:09:07,393] [82 INFO - Hypothesis class: object, object]
[2022-12-03 23:09:07,464] [82 INFO - Hypothesis aa_000: float64, float64]
[2022-12-03 23:09:07,471] [82 INFO - Hypothesis ac_000: float64, float64]
[2022-12-03 23:09:07,477] [82 INFO - Hypothesis ae_000: float64, float64]
[2022-12-03 23:09:07,492] [82 INFO - Hypothesis af_000: float64, float64]
[2022-12-03 23:09:07,507] [82 INFO - Hypothesis ag_000: float64, float64]
[2022-12-03 23:09:07,522] [82 INFO - Hypothesis ag_001: float64, float64]
[2022-12-03 23:09:07,536] [82 INFO - Hypothesis ag_002: float64, float64]
[2022-12-03 23:09:07,551] [82 INFO - Hypothesis ag_003: float64, float64]
[2022-12-03 23:09:07,555] [82 INFO - Hypothesis ag_004: float64, float64]
[2022-12-03 23:09:07,562] [82 INFO - Hypothesis ag_005: float64, float64]
[2022-12-03 23:09:07,569] [82 INFO - Hypothesis ag_006: float64, float64]
[2022-12-03 23:09:07,576] [82 INFO - Hypothesis ag_007: float64, float64]
[2022-12-03 23:09:07,582] [82 INFO - Hypothesis ag_008: float64, float64]
[2022-12-03 23:09:07,588] [82 INFO - Hypothesis ag_009: float64, float64]
[2022-12-03 23:09:07,592] [82 INFO - Hypothesis ah_000: float64, float64]
[2022-12-03 23:09:07,599] [82 INFO - Hypothesis ai_000: float64, float64]
[2022-12-03 23:09:07,603] [82 INFO - Hypothesis aj_000: float64, float64]
[2022-12-03 23:09:07,607] [82 INFO - Hypothesis ak_000: float64, float64]
[2022-12-03 23:09:07,622] [82 INFO - Hypothesis al_000: float64, float64]
[2022-12-03 23:09:07,626] [82 INFO - Hypothesis am_0: float64, float64]
[2022-12-03 23:09:07,631] [82 INFO - Hypothesis an_000: float64, float64]
[2022-12-03 23:09:07,638] [82 INFO - Hypothesis ao_000: float64, float64]
[2022-12-03 23:09:07,645] [82 INFO - Hypothesis ap_000: float64, float64]
[2022-12-03 23:09:07,652] [82 INFO - Hypothesis aq_000: float64, float64]
[2022-12-03 23:09:07,659] [82 INFO - Hypothesis ar_000: float64, float64]
[2022-12-03 23:09:07,676] [82 INFO - Hypothesis as_000: float64, float64]
[2022-12-03 23:09:07,692] [82 INFO - Hypothesis at_000: float64, float64]
[2022-12-03 23:09:07,696] [82 INFO - Hypothesis au_000: float64, float64]
[2022-12-03 23:09:07,711] [82 INFO - Hypothesis av_000: float64, float64]
[2022-12-03 23:09:07,716] [82 INFO - Hypothesis ax_000: float64, float64]
[2022-12-03 23:09:07,722] [82 INFO - Hypothesis ay_000: float64, float64]
[2022-12-03 23:09:07,736] [82 INFO - Hypothesis ay_001: float64, float64]
[2022-12-03 23:09:07,751] [82 INFO - Hypothesis ay_002: float64, float64]
[2022-12-03 23:09:07,766] [82 INFO - Hypothesis ay_003: float64, float64]
[2022-12-03 23:09:07,781] [82 INFO - Hypothesis ay_004: float64, float64]
[2022-12-03 23:09:07,796] [82 INFO - Hypothesis ay_005: float64, float64]
[2022-12-03 23:09:07,801] [82 INFO - Hypothesis ay_006: float64, float64]
[2022-12-03 23:09:07,807] [82 INFO - Hypothesis ay_007: float64, float64]
[2022-12-03 23:09:07,814] [82 INFO - Hypothesis ay_008: float64, float64]
[2022-12-03 23:09:07,821] [82 INFO - Hypothesis ay_009: float64, float64]
[2022-12-03 23:09:07,835] [82 INFO - Hypothesis az_000: float64, float64]
[2022-12-03 23:09:07,842] [82 INFO - Hypothesis az_001: float64, float64]
[2022-12-03 23:09:07,848] [82 INFO - Hypothesis az_002: float64, float64]
[2022-12-03 23:09:07,854] [82 INFO - Hypothesis az_003: float64, float64]
[2022-12-03 23:09:07,861] [82 INFO - Hypothesis az_004: float64, float64]
[2022-12-03 23:09:07,868] [82 INFO - Hypothesis az_005: float64, float64]
[2022-12-03 23:09:07,875] [82 INFO - Hypothesis az_006: float64, float64]
[2022-12-03 23:09:07,881] [82 INFO - Hypothesis az_007: float64, float64]
[2022-12-03 23:09:07,885] [82 INFO - Hypothesis az_008: float64, float64]
[2022-12-03 23:09:07,900] [82 INFO - Hypothesis az_009: float64, float64]
[2022-12-03 23:09:07,915] [82 INFO - Hypothesis ba_000: float64, float64]
[2022-12-03 23:09:07,922] [82 INFO - Hypothesis ba_001: float64, float64]
[2022-12-03 23:09:07,929] [82 INFO - Hypothesis ba_002: float64, float64]
[2022-12-03 23:09:07,936] [82 INFO - Hypothesis ba_003: float64, float64]
[2022-12-03 23:09:07,943] [82 INFO - Hypothesis ba_004: float64, float64]
[2022-12-03 23:09:07,949] [82 INFO - Hypothesis ba_005: float64, float64]
[2022-12-03 23:09:07,956] [82 INFO - Hypothesis ba_006: float64, float64]
[2022-12-03 23:09:07,963] [82 INFO - Hypothesis ba_007: float64, float64]
[2022-12-03 23:09:07,969] [82 INFO - Hypothesis ba_008: float64, float64]
[2022-12-03 23:09:07,975] [82 INFO - Hypothesis ba_009: float64, float64]
[2022-12-03 23:09:07,979] [82 INFO - Hypothesis bb_000: float64, float64]
[2022-12-03 23:09:07,986] [82 INFO - Hypothesis bc_000: float64, float64]
[2022-12-03 23:09:07,991] [82 INFO - Hypothesis bd_000: float64, float64]
[2022-12-03 23:09:07,997] [82 INFO - Hypothesis be_000: float64, float64]
[2022-12-03 23:09:08,003] [82 INFO - Hypothesis bf_000: float64, float64]
[2022-12-03 23:09:08,007] [82 INFO - Hypothesis bg_000: float64, float64]
[2022-12-03 23:09:08,014] [82 INFO - Hypothesis bh_000: float64, float64]
[2022-12-03 23:09:08,023] [82 INFO - Hypothesis bi_000: float64, float64]
[2022-12-03 23:09:08,030] [82 INFO - Hypothesis bj_000: float64, float64]
[2022-12-03 23:09:08,037] [82 INFO - Hypothesis bs_000: float64, float64]
[2022-12-03 23:09:08,044] [82 INFO - Hypothesis bt_000: float64, float64]
[2022-12-03 23:09:08,051] [82 INFO - Hypothesis bu_000: float64, float64]
[2022-12-03 23:09:08,058] [82 INFO - Hypothesis bv_000: float64, float64]
[2022-12-03 23:09:08,065] [82 INFO - Hypothesis bx_000: float64, float64]
[2022-12-03 23:09:08,072] [82 INFO - Hypothesis by_000: float64, float64]
[2022-12-03 23:09:08,078] [82 INFO - Hypothesis bz_000: float64, float64]
[2022-12-03 23:09:08,085] [82 INFO - Hypothesis ca_000: float64, float64]
[2022-12-03 23:09:08,091] [82 INFO - Hypothesis cb_000: float64, float64]
[2022-12-03 23:09:08,099] [82 INFO - Hypothesis cc_000: float64, float64]
[2022-12-03 23:09:08,105] [82 INFO - Hypothesis cd_000: float64, float64]
[2022-12-03 23:09:08,120] [82 INFO - Hypothesis ce_000: float64, float64]
[2022-12-03 23:09:08,126] [82 INFO - Hypothesis ci_000: float64, float64]
[2022-12-03 23:09:08,133] [82 INFO - Hypothesis cj_000: float64, float64]
[2022-12-03 23:09:08,137] [82 INFO - Hypothesis ck_000: float64, float64]
[2022-12-03 23:09:08,144] [82 INFO - Hypothesis cl_000: float64, float64]
[2022-12-03 23:09:08,148] [82 INFO - Hypothesis cm_000: float64, float64]
[2022-12-03 23:09:08,153] [82 INFO - Hypothesis cn_000: float64, float64]
[2022-12-03 23:09:08,168] [82 INFO - Hypothesis cn_001: float64, float64]
[2022-12-03 23:09:08,183] [82 INFO - Hypothesis cn_002: float64, float64]
[2022-12-03 23:09:08,189] [82 INFO - Hypothesis cn_003: float64, float64]
[2022-12-03 23:09:08,196] [82 INFO - Hypothesis cn_004: float64, float64]
[2022-12-03 23:09:08,203] [82 INFO - Hypothesis cn_005: float64, float64]
[2022-12-03 23:09:08,210] [82 INFO - Hypothesis cn_006: float64, float64]
[2022-12-03 23:09:08,216] [82 INFO - Hypothesis cn_007: float64, float64]
[2022-12-03 23:09:08,223] [82 INFO - Hypothesis cn_008: float64, float64]
[2022-12-03 23:09:08,229] [82 INFO - Hypothesis cn_009: float64, float64]
[2022-12-03 23:09:08,234] [82 INFO - Hypothesis cp_000: float64, float64]
[2022-12-03 23:09:08,239] [82 INFO - Hypothesis cq_000: float64, float64]
[2022-12-03 23:09:08,246] [82 INFO - Hypothesis cs_000: float64, float64]
[2022-12-03 23:09:08,252] [82 INFO - Hypothesis cs_001: float64, float64]
[2022-12-03 23:09:08,258] [82 INFO - Hypothesis cs_002: float64, float64]
[2022-12-03 23:09:08,264] [82 INFO - Hypothesis cs_003: float64, float64]
[2022-12-03 23:09:08,271] [82 INFO - Hypothesis cs_004: float64, float64]
[2022-12-03 23:09:08,278] [82 INFO - Hypothesis cs_005: float64, float64]
[2022-12-03 23:09:08,285] [82 INFO - Hypothesis cs_006: float64, float64]
[2022-12-03 23:09:08,292] [82 INFO - Hypothesis cs_007: float64, float64]
[2022-12-03 23:09:08,299] [82 INFO - Hypothesis cs_008: float64, float64]
[2022-12-03 23:09:08,304] [82 INFO - Hypothesis cs_009: float64, float64]
[2022-12-03 23:09:08,319] [82 INFO - Hypothesis dd_000: float64, float64]
[2022-12-03 23:09:08,325] [82 INFO - Hypothesis de_000: float64, float64]
[2022-12-03 23:09:08,331] [82 INFO - Hypothesis df_000: float64, float64]
[2022-12-03 23:09:08,346] [82 INFO - Hypothesis dg_000: float64, float64]
[2022-12-03 23:09:08,361] [82 INFO - Hypothesis dh_000: float64, float64]
[2022-12-03 23:09:08,376] [82 INFO - Hypothesis di_000: float64, float64]
[2022-12-03 23:09:08,380] [82 INFO - Hypothesis dj_000: float64, float64]
[2022-12-03 23:09:08,395] [82 INFO - Hypothesis dk_000: float64, float64]
[2022-12-03 23:09:08,410] [82 INFO - Hypothesis dl_000: float64, float64]
[2022-12-03 23:09:08,424] [82 INFO - Hypothesis dm_000: float64, float64]
[2022-12-03 23:09:08,439] [82 INFO - Hypothesis dn_000: float64, float64]
[2022-12-03 23:09:08,447] [82 INFO - Hypothesis do_000: float64, float64]
[2022-12-03 23:09:08,453] [82 INFO - Hypothesis dp_000: float64, float64]
[2022-12-03 23:09:08,459] [82 INFO - Hypothesis dq_000: float64, float64]
[2022-12-03 23:09:08,464] [82 INFO - Hypothesis dr_000: float64, float64]
[2022-12-03 23:09:08,469] [82 INFO - Hypothesis ds_000: float64, float64]
[2022-12-03 23:09:08,476] [82 INFO - Hypothesis dt_000: float64, float64]
[2022-12-03 23:09:08,482] [82 INFO - Hypothesis du_000: float64, float64]
[2022-12-03 23:09:08,489] [82 INFO - Hypothesis dv_000: float64, float64]
[2022-12-03 23:09:08,495] [82 INFO - Hypothesis dx_000: float64, float64]
[2022-12-03 23:09:08,500] [82 INFO - Hypothesis dy_000: float64, float64]
[2022-12-03 23:09:08,505] [82 INFO - Hypothesis dz_000: float64, float64]
[2022-12-03 23:09:08,519] [82 INFO - Hypothesis ea_000: float64, float64]
[2022-12-03 23:09:08,534] [82 INFO - Hypothesis eb_000: float64, float64]
[2022-12-03 23:09:08,540] [82 INFO - Hypothesis ec_00: float64, float64]
[2022-12-03 23:09:08,546] [82 INFO - Hypothesis ed_000: float64, float64]
[2022-12-03 23:09:08,552] [82 INFO - Hypothesis ee_000: float64, float64]
[2022-12-03 23:09:08,559] [82 INFO - Hypothesis ee_001: float64, float64]
[2022-12-03 23:09:08,566] [82 INFO - Hypothesis ee_002: float64, float64]
[2022-12-03 23:09:08,573] [82 INFO - Hypothesis ee_003: float64, float64]
[2022-12-03 23:09:08,579] [82 INFO - Hypothesis ee_004: float64, float64]
[2022-12-03 23:09:08,586] [82 INFO - Hypothesis ee_005: float64, float64]
[2022-12-03 23:09:08,593] [82 INFO - Hypothesis ee_006: float64, float64]
[2022-12-03 23:09:08,599] [82 INFO - Hypothesis ee_007: float64, float64]
[2022-12-03 23:09:08,606] [82 INFO - Hypothesis ee_008: float64, float64]
[2022-12-03 23:09:08,612] [82 INFO - Hypothesis ee_009: float64, float64]
[2022-12-03 23:09:08,617] [82 INFO - Hypothesis ef_000: float64, float64]
[2022-12-03 23:09:08,632] [82 INFO - Hypothesis eg_000: float64, float64]
[2022-12-03 23:09:08,647] [99 INFO - drift data for all columns collected]
