[2022-12-03 22:51:08,050] [20 INFO - Exporting collection data as pandas dataframe]
[2022-12-03 22:51:08,050] [18 INFO - Reading data from database: aps and sensor]
[2022-12-03 22:51:11,303] [20 INFO - Found columns: Index(['_id', 'class', 'aa_000', 'ab_000', 'ac_000', 'ad_000', 'ae_000',
       'af_000', 'ag_000', 'ag_001',
       ...
       'ee_002', 'ee_003', 'ee_004', 'ee_005', 'ee_006', 'ee_007', 'ee_008',
       'ee_009', 'ef_000', 'eg_000'],
      dtype='object', length=172)]
[2022-12-03 22:51:11,303] [22 INFO - Dropping column : _id]
[2022-12-03 22:51:11,494] [24 INFO - Row and column in df: (36188, 171)]
[2022-12-03 22:51:11,494] [27 INFO - Save data in feature store]
[2022-12-03 22:51:12,019] [31 INFO - Create feature store folder if not available]
[2022-12-03 22:51:12,020] [36 INFO - Save df to feature store folder]
[2022-12-03 22:51:14,365] [40 INFO - split dataset into train and test set]
[2022-12-03 22:51:14,884] [47 INFO - Save df to feature store folder]
[2022-12-03 22:51:16,947] [60 INFO - Data ingestion artifact: DataIngestionArtifact(feature_store_file_path='/config/workspace/artifact/12032022__225108.log/data_ingestion/feature_store/sensor.csv', train_file_path='/config/workspace/artifact/12032022__225108.log/data_ingestion/dataset/train.csv', test_file_path='/config/workspace/artifact/12032022__225108.log/data_ingestion/dataset/test.csv')]
[2022-12-03 22:51:17,300] [18 INFO - >>>>>>>>>>>>>>>>>>>>>>>>>>>>>>>>>>>>>>>> Data Validation <<<<<<<<<<<<<<<<<<<<<<<<<<<<<<<<<<<<<<<<]
[2022-12-03 22:51:17,300] [104 INFO - Reading base Dataframe]
[2022-12-03 22:51:20,062] [107 INFO - Replace na value in base df]
[2022-12-03 22:51:20,062] [109 INFO - Drop null values columns from base df]
[2022-12-03 22:51:20,978] [38 INFO - selecting column name which contains null above to 0.2]
[2022-12-03 22:51:20,979] [41 INFO - Columns to drop: ['ab_000', 'bk_000', 'bl_000', 'bm_000', 'bn_000', 'bo_000', 'bp_000', 'bq_000', 'br_000', 'cr_000']]
[2022-12-03 22:51:21,040] [112 INFO - Reading train dataframe]
[2022-12-03 22:51:21,398] [114 INFO - Reading Test dataframe]
[2022-12-03 22:51:21,495] [117 INFO - Drop null values columns from train df]
[2022-12-03 22:51:21,506] [38 INFO - selecting column name which contains null above to 0.2]
[2022-12-03 22:51:21,506] [41 INFO - Columns to drop: ['ab_000', 'bk_000', 'bl_000', 'bm_000', 'bn_000', 'bo_000', 'bp_000', 'bq_000', 'br_000', 'cr_000']]
[2022-12-03 22:51:21,506] [119 INFO - Drop null values columns from test df]
[2022-12-03 22:51:21,510] [38 INFO - selecting column name which contains null above to 0.2]
[2022-12-03 22:51:21,511] [41 INFO - Columns to drop: ['ab_000', 'bk_000', 'bl_000', 'bm_000', 'bn_000', 'bo_000', 'bp_000', 'bq_000', 'br_000', 'cr_000']]
[2022-12-03 22:51:21,511] [127 INFO - Is all required columns present in train df]
[2022-12-03 22:51:21,511] [54 INFO - is_required_columns_exists execution started]
[2022-12-03 22:51:21,511] [129 INFO - Is all required columns present in test df]
[2022-12-03 22:51:21,511] [54 INFO - is_required_columns_exists execution started]
[2022-12-03 22:51:21,511] [132 INFO - Status :None None]
