[2022-12-03 22:59:21,292] [20 INFO - Exporting collection data as pandas dataframe]
[2022-12-03 22:59:21,292] [18 INFO - Reading data from database: aps and sensor]
[2022-12-03 22:59:24,712] [20 INFO - Found columns: Index(['_id', 'class', 'aa_000', 'ab_000', 'ac_000', 'ad_000', 'ae_000',
       'af_000', 'ag_000', 'ag_001',
       ...
       'ee_002', 'ee_003', 'ee_004', 'ee_005', 'ee_006', 'ee_007', 'ee_008',
       'ee_009', 'ef_000', 'eg_000'],
      dtype='object', length=172)]
[2022-12-03 22:59:24,712] [22 INFO - Dropping column : _id]
[2022-12-03 22:59:25,063] [24 INFO - Row and column in df: (36188, 171)]
[2022-12-03 22:59:25,063] [27 INFO - Save data in feature store]
[2022-12-03 22:59:25,621] [31 INFO - Create feature store folder if not available]
[2022-12-03 22:59:25,622] [36 INFO - Save df to feature store folder]
[2022-12-03 22:59:27,979] [40 INFO - split dataset into train and test set]
[2022-12-03 22:59:28,582] [47 INFO - Save df to feature store folder]
[2022-12-03 22:59:30,888] [60 INFO - Data ingestion artifact: DataIngestionArtifact(feature_store_file_path='/config/workspace/artifact/12032022__225921.log/data_ingestion/feature_store/sensor.csv', train_file_path='/config/workspace/artifact/12032022__225921.log/data_ingestion/dataset/train.csv', test_file_path='/config/workspace/artifact/12032022__225921.log/data_ingestion/dataset/test.csv')]
[2022-12-03 22:59:31,372] [18 INFO - >>>>>>>>>>>>>>>>>>>>>>>>>>>>>>>>>>>>>>>> Data Validation <<<<<<<<<<<<<<<<<<<<<<<<<<<<<<<<<<<<<<<<]
[2022-12-03 22:59:31,372] [104 INFO - Reading base Dataframe]
[2022-12-03 22:59:34,199] [107 INFO - Replace na value in base df]
[2022-12-03 22:59:34,199] [109 INFO - Drop null values columns from base df]
[2022-12-03 22:59:35,107] [38 INFO - selecting column name which contains null above to 0.2]
[2022-12-03 22:59:35,107] [41 INFO - Columns to drop: ['ab_000', 'ad_000', 'bk_000', 'bl_000', 'bm_000', 'bn_000', 'bo_000', 'bp_000', 'bq_000', 'br_000', 'cf_000', 'cg_000', 'ch_000', 'co_000', 'cr_000', 'ct_000', 'cu_000', 'cv_000', 'cx_000', 'cy_000', 'cz_000', 'da_000', 'db_000', 'dc_000']]
[2022-12-03 22:59:35,214] [112 INFO - Reading train dataframe]
[2022-12-03 22:59:35,596] [114 INFO - Reading Test dataframe]
[2022-12-03 22:59:35,694] [117 INFO - Drop null values columns from train df]
[2022-12-03 22:59:35,705] [38 INFO - selecting column name which contains null above to 0.2]
[2022-12-03 22:59:35,705] [41 INFO - Columns to drop: ['ab_000', 'ad_000', 'bk_000', 'bl_000', 'bm_000', 'bn_000', 'bo_000', 'bp_000', 'bq_000', 'br_000', 'cf_000', 'cg_000', 'ch_000', 'co_000', 'cr_000', 'ct_000', 'cu_000', 'cv_000', 'cx_000', 'cy_000', 'cz_000', 'da_000', 'db_000', 'dc_000']]
[2022-12-03 22:59:35,714] [119 INFO - Drop null values columns from test df]
[2022-12-03 22:59:35,718] [38 INFO - selecting column name which contains null above to 0.2]
[2022-12-03 22:59:35,719] [41 INFO - Columns to drop: ['ab_000', 'ad_000', 'bk_000', 'bl_000', 'bm_000', 'bn_000', 'bo_000', 'bp_000', 'bq_000', 'br_000', 'cf_000', 'cg_000', 'ch_000', 'co_000', 'cr_000', 'ct_000', 'cu_000', 'cv_000', 'cx_000', 'cy_000', 'cz_000', 'da_000', 'db_000', 'dc_000']]
[2022-12-03 22:59:41,643] [127 INFO - Is all required columns present in train df]
[2022-12-03 22:59:41,644] [54 INFO - is_required_columns_exists execution started]
[2022-12-03 22:59:41,644] [129 INFO - Is all required columns present in test df]
[2022-12-03 22:59:41,644] [54 INFO - is_required_columns_exists execution started]
[2022-12-03 22:59:41,644] [132 INFO - Status :True True]
[2022-12-03 22:59:41,644] [135 INFO - As all column are available in train df hence detecting data drift]
[2022-12-03 22:59:41,644] [82 INFO - Hypothesis class: object, object]
[2022-12-03 22:59:41,777] [138 INFO - As all columns are present in test df hence detecting data drift]
[2022-12-03 22:59:41,777] [82 INFO - Hypothesis class: object, object]
