[2022-12-03 23:06:04,751] [20 INFO - Exporting collection data as pandas dataframe]
[2022-12-03 23:06:04,751] [18 INFO - Reading data from database: aps and sensor]
[2022-12-03 23:06:08,096] [20 INFO - Found columns: Index(['_id', 'class', 'aa_000', 'ab_000', 'ac_000', 'ad_000', 'ae_000',
       'af_000', 'ag_000', 'ag_001',
       ...
       'ee_002', 'ee_003', 'ee_004', 'ee_005', 'ee_006', 'ee_007', 'ee_008',
       'ee_009', 'ef_000', 'eg_000'],
      dtype='object', length=172)]
[2022-12-03 23:06:08,096] [22 INFO - Dropping column : _id]
[2022-12-03 23:06:08,287] [24 INFO - Row and column in df: (36188, 171)]
[2022-12-03 23:06:08,287] [27 INFO - Save data in feature store]
[2022-12-03 23:06:08,806] [31 INFO - Create feature store folder if not available]
[2022-12-03 23:06:08,807] [36 INFO - Save df to feature store folder]
[2022-12-03 23:06:11,117] [40 INFO - split dataset into train and test set]
[2022-12-03 23:06:11,612] [47 INFO - Save df to feature store folder]
[2022-12-03 23:06:13,775] [60 INFO - Data ingestion artifact: DataIngestionArtifact(feature_store_file_path='/config/workspace/artifact/12032022__230604.log/data_ingestion/feature_store/sensor.csv', train_file_path='/config/workspace/artifact/12032022__230604.log/data_ingestion/dataset/train.csv', test_file_path='/config/workspace/artifact/12032022__230604.log/data_ingestion/dataset/test.csv')]
[2022-12-03 23:06:14,260] [18 INFO - >>>>>>>>>>>>>>>>>>>>>>>>>>>>>>>>>>>>>>>> Data Validation <<<<<<<<<<<<<<<<<<<<<<<<<<<<<<<<<<<<<<<<]
[2022-12-03 23:06:14,261] [104 INFO - Reading base Dataframe]
[2022-12-03 23:06:17,019] [107 INFO - Replace na value in base df]
[2022-12-03 23:06:17,019] [109 INFO - Drop null values columns from base df]
[2022-12-03 23:06:17,981] [38 INFO - selecting column name which contains null above to 0.2]
[2022-12-03 23:06:17,982] [41 INFO - Columns to drop: ['ab_000', 'ad_000', 'bk_000', 'bl_000', 'bm_000', 'bn_000', 'bo_000', 'bp_000', 'bq_000', 'br_000', 'cf_000', 'cg_000', 'ch_000', 'co_000', 'cr_000', 'ct_000', 'cu_000', 'cv_000', 'cx_000', 'cy_000', 'cz_000', 'da_000', 'db_000', 'dc_000']]
[2022-12-03 23:06:18,105] [112 INFO - Reading train dataframe]
[2022-12-03 23:06:18,489] [114 INFO - Reading Test dataframe]
[2022-12-03 23:06:18,588] [117 INFO - Drop null values columns from train df]
[2022-12-03 23:06:18,600] [38 INFO - selecting column name which contains null above to 0.2]
[2022-12-03 23:06:18,600] [41 INFO - Columns to drop: ['ab_000', 'ad_000', 'bk_000', 'bl_000', 'bm_000', 'bn_000', 'bo_000', 'bp_000', 'bq_000', 'br_000', 'cf_000', 'cg_000', 'ch_000', 'co_000', 'cr_000', 'ct_000', 'cu_000', 'cv_000', 'cx_000', 'cy_000', 'cz_000', 'da_000', 'db_000', 'dc_000']]
[2022-12-03 23:06:18,609] [119 INFO - Drop null values columns from test df]
[2022-12-03 23:06:18,613] [38 INFO - selecting column name which contains null above to 0.2]
[2022-12-03 23:06:18,613] [41 INFO - Columns to drop: ['ab_000', 'ad_000', 'bk_000', 'bl_000', 'bm_000', 'bn_000', 'bo_000', 'bp_000', 'bq_000', 'br_000', 'cf_000', 'cg_000', 'ch_000', 'co_000', 'cr_000', 'ct_000', 'cu_000', 'cv_000', 'cx_000', 'cy_000', 'cz_000', 'da_000', 'db_000', 'dc_000']]
[2022-12-03 23:06:24,348] [127 INFO - Is all required columns present in train df]
[2022-12-03 23:06:24,349] [54 INFO - is_required_columns_exists execution started]
[2022-12-03 23:06:24,349] [129 INFO - Is all required columns present in test df]
[2022-12-03 23:06:24,349] [54 INFO - is_required_columns_exists execution started]
[2022-12-03 23:06:24,349] [132 INFO - Status :True True]
[2022-12-03 23:06:24,349] [135 INFO - As all column are available in train df hence detecting data drift]
[2022-12-03 23:06:24,349] [82 INFO - Hypothesis class: object, object]
[2022-12-03 23:06:24,484] [82 INFO - Hypothesis aa_000: float64, float64]
[2022-12-03 23:06:24,494] [82 INFO - Hypothesis ac_000: float64, float64]
[2022-12-03 23:06:24,533] [82 INFO - Hypothesis ae_000: float64, float64]
[2022-12-03 23:06:24,568] [82 INFO - Hypothesis af_000: float64, float64]
[2022-12-03 23:06:24,603] [82 INFO - Hypothesis ag_000: float64, float64]
[2022-12-03 23:06:24,637] [82 INFO - Hypothesis ag_001: float64, float64]
[2022-12-03 23:06:24,673] [82 INFO - Hypothesis ag_002: float64, float64]
[2022-12-03 23:06:24,708] [82 INFO - Hypothesis ag_003: float64, float64]
[2022-12-03 23:06:24,746] [82 INFO - Hypothesis ag_004: float64, float64]
[2022-12-03 23:06:24,787] [82 INFO - Hypothesis ag_005: float64, float64]
[2022-12-03 23:06:24,828] [82 INFO - Hypothesis ag_006: float64, float64]
[2022-12-03 23:06:24,870] [82 INFO - Hypothesis ag_007: float64, float64]
[2022-12-03 23:06:24,910] [82 INFO - Hypothesis ag_008: float64, float64]
[2022-12-03 23:06:24,919] [82 INFO - Hypothesis ag_009: float64, float64]
[2022-12-03 23:06:24,926] [82 INFO - Hypothesis ah_000: float64, float64]
[2022-12-03 23:06:24,937] [82 INFO - Hypothesis ai_000: float64, float64]
[2022-12-03 23:06:24,974] [82 INFO - Hypothesis aj_000: float64, float64]
[2022-12-03 23:06:25,011] [82 INFO - Hypothesis ak_000: float64, float64]
[2022-12-03 23:06:25,049] [82 INFO - Hypothesis al_000: float64, float64]
[2022-12-03 23:06:25,088] [82 INFO - Hypothesis am_0: float64, float64]
[2022-12-03 23:06:25,127] [82 INFO - Hypothesis an_000: float64, float64]
[2022-12-03 23:06:25,137] [82 INFO - Hypothesis ao_000: float64, float64]
[2022-12-03 23:06:25,179] [82 INFO - Hypothesis ap_000: float64, float64]
[2022-12-03 23:06:25,190] [82 INFO - Hypothesis aq_000: float64, float64]
[2022-12-03 23:06:25,200] [82 INFO - Hypothesis ar_000: float64, float64]
[2022-12-03 23:06:25,236] [82 INFO - Hypothesis as_000: float64, float64]
[2022-12-03 23:06:25,271] [82 INFO - Hypothesis at_000: float64, float64]
[2022-12-03 23:06:25,306] [82 INFO - Hypothesis au_000: float64, float64]
[2022-12-03 23:06:25,341] [82 INFO - Hypothesis av_000: float64, float64]
[2022-12-03 23:06:25,380] [82 INFO - Hypothesis ax_000: float64, float64]
[2022-12-03 23:06:25,388] [82 INFO - Hypothesis ay_000: float64, float64]
[2022-12-03 23:06:25,424] [82 INFO - Hypothesis ay_001: float64, float64]
[2022-12-03 23:06:25,459] [82 INFO - Hypothesis ay_002: float64, float64]
[2022-12-03 23:06:25,495] [82 INFO - Hypothesis ay_003: float64, float64]
[2022-12-03 23:06:25,530] [82 INFO - Hypothesis ay_004: float64, float64]
[2022-12-03 23:06:25,565] [82 INFO - Hypothesis ay_005: float64, float64]
[2022-12-03 23:06:25,604] [82 INFO - Hypothesis ay_006: float64, float64]
[2022-12-03 23:06:25,613] [82 INFO - Hypothesis ay_007: float64, float64]
[2022-12-03 23:06:25,654] [82 INFO - Hypothesis ay_008: float64, float64]
[2022-12-03 23:06:25,665] [82 INFO - Hypothesis ay_009: float64, float64]
[2022-12-03 23:06:25,700] [82 INFO - Hypothesis az_000: float64, float64]
[2022-12-03 23:06:25,740] [82 INFO - Hypothesis az_001: float64, float64]
[2022-12-03 23:06:25,781] [82 INFO - Hypothesis az_002: float64, float64]
[2022-12-03 23:06:25,821] [82 INFO - Hypothesis az_003: float64, float64]
[2022-12-03 23:06:25,866] [82 INFO - Hypothesis az_004: float64, float64]
[2022-12-03 23:06:25,908] [82 INFO - Hypothesis az_005: float64, float64]
[2022-12-03 23:06:25,918] [82 INFO - Hypothesis az_006: float64, float64]
[2022-12-03 23:06:25,958] [82 INFO - Hypothesis az_007: float64, float64]
[2022-12-03 23:06:25,996] [82 INFO - Hypothesis az_008: float64, float64]
[2022-12-03 23:06:26,034] [82 INFO - Hypothesis az_009: float64, float64]
[2022-12-03 23:06:26,069] [82 INFO - Hypothesis ba_000: float64, float64]
[2022-12-03 23:06:26,110] [82 INFO - Hypothesis ba_001: float64, float64]
[2022-12-03 23:06:26,152] [82 INFO - Hypothesis ba_002: float64, float64]
[2022-12-03 23:06:26,193] [82 INFO - Hypothesis ba_003: float64, float64]
[2022-12-03 23:06:26,234] [82 INFO - Hypothesis ba_004: float64, float64]
[2022-12-03 23:06:26,276] [82 INFO - Hypothesis ba_005: float64, float64]
[2022-12-03 23:06:26,318] [82 INFO - Hypothesis ba_006: float64, float64]
[2022-12-03 23:06:26,328] [82 INFO - Hypothesis ba_007: float64, float64]
[2022-12-03 23:06:26,368] [82 INFO - Hypothesis ba_008: float64, float64]
[2022-12-03 23:06:26,376] [82 INFO - Hypothesis ba_009: float64, float64]
[2022-12-03 23:06:26,413] [82 INFO - Hypothesis bb_000: float64, float64]
[2022-12-03 23:06:26,423] [82 INFO - Hypothesis bc_000: float64, float64]
[2022-12-03 23:06:26,431] [82 INFO - Hypothesis bd_000: float64, float64]
[2022-12-03 23:06:26,470] [82 INFO - Hypothesis be_000: float64, float64]
[2022-12-03 23:06:26,479] [82 INFO - Hypothesis bf_000: float64, float64]
[2022-12-03 23:06:26,517] [82 INFO - Hypothesis bg_000: float64, float64]
[2022-12-03 23:06:26,527] [82 INFO - Hypothesis bh_000: float64, float64]
[2022-12-03 23:06:26,537] [82 INFO - Hypothesis bi_000: float64, float64]
[2022-12-03 23:06:26,548] [82 INFO - Hypothesis bj_000: float64, float64]
[2022-12-03 23:06:26,590] [82 INFO - Hypothesis bs_000: float64, float64]
[2022-12-03 23:06:26,631] [82 INFO - Hypothesis bt_000: float64, float64]
[2022-12-03 23:06:26,642] [82 INFO - Hypothesis bu_000: float64, float64]
[2022-12-03 23:06:26,652] [82 INFO - Hypothesis bv_000: float64, float64]
[2022-12-03 23:06:26,663] [82 INFO - Hypothesis bx_000: float64, float64]
[2022-12-03 23:06:26,704] [82 INFO - Hypothesis by_000: float64, float64]
[2022-12-03 23:06:26,747] [82 INFO - Hypothesis bz_000: float64, float64]
[2022-12-03 23:06:26,787] [82 INFO - Hypothesis ca_000: float64, float64]
[2022-12-03 23:06:26,798] [82 INFO - Hypothesis cb_000: float64, float64]
[2022-12-03 23:06:26,840] [82 INFO - Hypothesis cc_000: float64, float64]
[2022-12-03 23:06:26,881] [82 INFO - Hypothesis cd_000: float64, float64]
[2022-12-03 23:06:26,916] [82 INFO - Hypothesis ce_000: float64, float64]
[2022-12-03 23:06:26,957] [82 INFO - Hypothesis ci_000: float64, float64]
[2022-12-03 23:06:26,968] [82 INFO - Hypothesis cj_000: float64, float64]
[2022-12-03 23:06:26,974] [82 INFO - Hypothesis ck_000: float64, float64]
[2022-12-03 23:06:26,985] [82 INFO - Hypothesis cl_000: float64, float64]
[2022-12-03 23:06:26,991] [82 INFO - Hypothesis cm_000: float64, float64]
[2022-12-03 23:06:26,998] [82 INFO - Hypothesis cn_000: float64, float64]
[2022-12-03 23:06:27,037] [82 INFO - Hypothesis cn_001: float64, float64]
[2022-12-03 23:06:27,075] [82 INFO - Hypothesis cn_002: float64, float64]
[2022-12-03 23:06:27,114] [82 INFO - Hypothesis cn_003: float64, float64]
[2022-12-03 23:06:27,156] [82 INFO - Hypothesis cn_004: float64, float64]
[2022-12-03 23:06:27,198] [82 INFO - Hypothesis cn_005: float64, float64]
[2022-12-03 23:06:27,239] [82 INFO - Hypothesis cn_006: float64, float64]
[2022-12-03 23:06:27,281] [82 INFO - Hypothesis cn_007: float64, float64]
[2022-12-03 23:06:27,290] [82 INFO - Hypothesis cn_008: float64, float64]
[2022-12-03 23:06:27,299] [82 INFO - Hypothesis cn_009: float64, float64]
[2022-12-03 23:06:27,307] [82 INFO - Hypothesis cp_000: float64, float64]
[2022-12-03 23:06:27,345] [82 INFO - Hypothesis cq_000: float64, float64]
[2022-12-03 23:06:27,355] [82 INFO - Hypothesis cs_000: float64, float64]
[2022-12-03 23:06:27,396] [82 INFO - Hypothesis cs_001: float64, float64]
[2022-12-03 23:06:27,435] [82 INFO - Hypothesis cs_002: float64, float64]
[2022-12-03 23:06:27,445] [82 INFO - Hypothesis cs_003: float64, float64]
[2022-12-03 23:06:27,456] [82 INFO - Hypothesis cs_004: float64, float64]
[2022-12-03 23:06:27,496] [82 INFO - Hypothesis cs_005: float64, float64]
[2022-12-03 23:06:27,538] [82 INFO - Hypothesis cs_006: float64, float64]
[2022-12-03 23:06:27,549] [82 INFO - Hypothesis cs_007: float64, float64]
[2022-12-03 23:06:27,590] [82 INFO - Hypothesis cs_008: float64, float64]
[2022-12-03 23:06:27,597] [82 INFO - Hypothesis cs_009: float64, float64]
[2022-12-03 23:06:27,633] [82 INFO - Hypothesis dd_000: float64, float64]
[2022-12-03 23:06:27,674] [82 INFO - Hypothesis de_000: float64, float64]
[2022-12-03 23:06:27,682] [82 INFO - Hypothesis df_000: float64, float64]
[2022-12-03 23:06:27,718] [82 INFO - Hypothesis dg_000: float64, float64]
[2022-12-03 23:06:27,754] [82 INFO - Hypothesis dh_000: float64, float64]
[2022-12-03 23:06:27,790] [82 INFO - Hypothesis di_000: float64, float64]
[2022-12-03 23:06:27,827] [82 INFO - Hypothesis dj_000: float64, float64]
[2022-12-03 23:06:27,862] [82 INFO - Hypothesis dk_000: float64, float64]
[2022-12-03 23:06:27,897] [82 INFO - Hypothesis dl_000: float64, float64]
[2022-12-03 23:06:27,932] [82 INFO - Hypothesis dm_000: float64, float64]
[2022-12-03 23:06:27,968] [82 INFO - Hypothesis dn_000: float64, float64]
[2022-12-03 23:06:27,978] [82 INFO - Hypothesis do_000: float64, float64]
[2022-12-03 23:06:27,987] [82 INFO - Hypothesis dp_000: float64, float64]
[2022-12-03 23:06:27,997] [82 INFO - Hypothesis dq_000: float64, float64]
[2022-12-03 23:06:28,035] [82 INFO - Hypothesis dr_000: float64, float64]
[2022-12-03 23:06:28,074] [82 INFO - Hypothesis ds_000: float64, float64]
[2022-12-03 23:06:28,084] [82 INFO - Hypothesis dt_000: float64, float64]
[2022-12-03 23:06:28,094] [82 INFO - Hypothesis du_000: float64, float64]
[2022-12-03 23:06:28,104] [82 INFO - Hypothesis dv_000: float64, float64]
[2022-12-03 23:06:28,115] [82 INFO - Hypothesis dx_000: float64, float64]
[2022-12-03 23:06:28,151] [82 INFO - Hypothesis dy_000: float64, float64]
[2022-12-03 23:06:28,190] [82 INFO - Hypothesis dz_000: float64, float64]
[2022-12-03 23:06:28,225] [82 INFO - Hypothesis ea_000: float64, float64]
[2022-12-03 23:06:28,260] [82 INFO - Hypothesis eb_000: float64, float64]
[2022-12-03 23:06:28,269] [82 INFO - Hypothesis ec_00: float64, float64]
[2022-12-03 23:06:28,278] [82 INFO - Hypothesis ed_000: float64, float64]
[2022-12-03 23:06:28,287] [82 INFO - Hypothesis ee_000: float64, float64]
[2022-12-03 23:06:28,297] [82 INFO - Hypothesis ee_001: float64, float64]
[2022-12-03 23:06:28,339] [82 INFO - Hypothesis ee_002: float64, float64]
[2022-12-03 23:06:28,380] [82 INFO - Hypothesis ee_003: float64, float64]
[2022-12-03 23:06:28,420] [82 INFO - Hypothesis ee_004: float64, float64]
[2022-12-03 23:06:28,461] [82 INFO - Hypothesis ee_005: float64, float64]
[2022-12-03 23:06:28,503] [82 INFO - Hypothesis ee_006: float64, float64]
[2022-12-03 23:06:28,544] [82 INFO - Hypothesis ee_007: float64, float64]
[2022-12-03 23:06:28,586] [82 INFO - Hypothesis ee_008: float64, float64]
[2022-12-03 23:06:28,698] [82 INFO - Hypothesis ee_009: float64, float64]
[2022-12-03 23:06:28,737] [82 INFO - Hypothesis ef_000: float64, float64]
[2022-12-03 23:06:28,772] [82 INFO - Hypothesis eg_000: float64, float64]
[2022-12-03 23:06:28,808] [138 INFO - As all columns are present in test df hence detecting data drift]
[2022-12-03 23:06:28,808] [82 INFO - Hypothesis class: object, object]
[2022-12-03 23:06:28,882] [82 INFO - Hypothesis aa_000: float64, float64]
[2022-12-03 23:06:28,889] [82 INFO - Hypothesis ac_000: float64, float64]
[2022-12-03 23:06:28,894] [82 INFO - Hypothesis ae_000: float64, float64]
[2022-12-03 23:06:28,897] [82 INFO - Hypothesis af_000: float64, float64]
[2022-12-03 23:06:28,912] [82 INFO - Hypothesis ag_000: float64, float64]
[2022-12-03 23:06:28,927] [82 INFO - Hypothesis ag_001: float64, float64]
[2022-12-03 23:06:28,942] [82 INFO - Hypothesis ag_002: float64, float64]
[2022-12-03 23:06:28,945] [82 INFO - Hypothesis ag_003: float64, float64]
[2022-12-03 23:06:28,949] [82 INFO - Hypothesis ag_004: float64, float64]
[2022-12-03 23:06:28,956] [82 INFO - Hypothesis ag_005: float64, float64]
[2022-12-03 23:06:28,963] [82 INFO - Hypothesis ag_006: float64, float64]
[2022-12-03 23:06:28,970] [82 INFO - Hypothesis ag_007: float64, float64]
[2022-12-03 23:06:28,976] [82 INFO - Hypothesis ag_008: float64, float64]
[2022-12-03 23:06:28,982] [82 INFO - Hypothesis ag_009: float64, float64]
[2022-12-03 23:06:28,987] [82 INFO - Hypothesis ah_000: float64, float64]
[2022-12-03 23:06:28,994] [82 INFO - Hypothesis ai_000: float64, float64]
[2022-12-03 23:06:28,997] [82 INFO - Hypothesis aj_000: float64, float64]
[2022-12-03 23:06:29,013] [82 INFO - Hypothesis ak_000: float64, float64]
[2022-12-03 23:06:29,028] [82 INFO - Hypothesis al_000: float64, float64]
[2022-12-03 23:06:29,033] [82 INFO - Hypothesis am_0: float64, float64]
[2022-12-03 23:06:29,038] [82 INFO - Hypothesis an_000: float64, float64]
[2022-12-03 23:06:29,046] [82 INFO - Hypothesis ao_000: float64, float64]
[2022-12-03 23:06:29,053] [82 INFO - Hypothesis ap_000: float64, float64]
[2022-12-03 23:06:29,060] [82 INFO - Hypothesis aq_000: float64, float64]
[2022-12-03 23:06:29,068] [82 INFO - Hypothesis ar_000: float64, float64]
[2022-12-03 23:06:29,071] [82 INFO - Hypothesis as_000: float64, float64]
[2022-12-03 23:06:29,086] [82 INFO - Hypothesis at_000: float64, float64]
[2022-12-03 23:06:29,101] [82 INFO - Hypothesis au_000: float64, float64]
[2022-12-03 23:06:29,116] [82 INFO - Hypothesis av_000: float64, float64]
[2022-12-03 23:06:29,122] [82 INFO - Hypothesis ax_000: float64, float64]
[2022-12-03 23:06:29,127] [82 INFO - Hypothesis ay_000: float64, float64]
[2022-12-03 23:06:29,142] [82 INFO - Hypothesis ay_001: float64, float64]
[2022-12-03 23:06:29,157] [82 INFO - Hypothesis ay_002: float64, float64]
[2022-12-03 23:06:29,172] [82 INFO - Hypothesis ay_003: float64, float64]
[2022-12-03 23:06:29,188] [82 INFO - Hypothesis ay_004: float64, float64]
[2022-12-03 23:06:29,204] [82 INFO - Hypothesis ay_005: float64, float64]
[2022-12-03 23:06:29,209] [82 INFO - Hypothesis ay_006: float64, float64]
[2022-12-03 23:06:29,215] [82 INFO - Hypothesis ay_007: float64, float64]
[2022-12-03 23:06:29,222] [82 INFO - Hypothesis ay_008: float64, float64]
[2022-12-03 23:06:29,229] [82 INFO - Hypothesis ay_009: float64, float64]
[2022-12-03 23:06:29,232] [82 INFO - Hypothesis az_000: float64, float64]
[2022-12-03 23:06:29,239] [82 INFO - Hypothesis az_001: float64, float64]
[2022-12-03 23:06:29,245] [82 INFO - Hypothesis az_002: float64, float64]
[2022-12-03 23:06:29,251] [82 INFO - Hypothesis az_003: float64, float64]
[2022-12-03 23:06:29,258] [82 INFO - Hypothesis az_004: float64, float64]
[2022-12-03 23:06:29,265] [82 INFO - Hypothesis az_005: float64, float64]
[2022-12-03 23:06:29,272] [82 INFO - Hypothesis az_006: float64, float64]
[2022-12-03 23:06:29,278] [82 INFO - Hypothesis az_007: float64, float64]
[2022-12-03 23:06:29,282] [82 INFO - Hypothesis az_008: float64, float64]
[2022-12-03 23:06:29,286] [82 INFO - Hypothesis az_009: float64, float64]
[2022-12-03 23:06:29,301] [82 INFO - Hypothesis ba_000: float64, float64]
[2022-12-03 23:06:29,308] [82 INFO - Hypothesis ba_001: float64, float64]
[2022-12-03 23:06:29,315] [82 INFO - Hypothesis ba_002: float64, float64]
[2022-12-03 23:06:29,322] [82 INFO - Hypothesis ba_003: float64, float64]
[2022-12-03 23:06:29,329] [82 INFO - Hypothesis ba_004: float64, float64]
[2022-12-03 23:06:29,336] [82 INFO - Hypothesis ba_005: float64, float64]
[2022-12-03 23:06:29,343] [82 INFO - Hypothesis ba_006: float64, float64]
[2022-12-03 23:06:29,350] [82 INFO - Hypothesis ba_007: float64, float64]
[2022-12-03 23:06:29,356] [82 INFO - Hypothesis ba_008: float64, float64]
[2022-12-03 23:06:29,362] [82 INFO - Hypothesis ba_009: float64, float64]
[2022-12-03 23:06:29,367] [82 INFO - Hypothesis bb_000: float64, float64]
[2022-12-03 23:06:29,374] [82 INFO - Hypothesis bc_000: float64, float64]
[2022-12-03 23:06:29,379] [82 INFO - Hypothesis bd_000: float64, float64]
[2022-12-03 23:06:29,385] [82 INFO - Hypothesis be_000: float64, float64]
[2022-12-03 23:06:29,391] [82 INFO - Hypothesis bf_000: float64, float64]
[2022-12-03 23:06:29,395] [82 INFO - Hypothesis bg_000: float64, float64]
[2022-12-03 23:06:29,402] [82 INFO - Hypothesis bh_000: float64, float64]
[2022-12-03 23:06:29,409] [82 INFO - Hypothesis bi_000: float64, float64]
[2022-12-03 23:06:29,416] [82 INFO - Hypothesis bj_000: float64, float64]
[2022-12-03 23:06:29,423] [82 INFO - Hypothesis bs_000: float64, float64]
[2022-12-03 23:06:29,430] [82 INFO - Hypothesis bt_000: float64, float64]
[2022-12-03 23:06:29,437] [82 INFO - Hypothesis bu_000: float64, float64]
[2022-12-03 23:06:29,444] [82 INFO - Hypothesis bv_000: float64, float64]
[2022-12-03 23:06:29,451] [82 INFO - Hypothesis bx_000: float64, float64]
[2022-12-03 23:06:29,458] [82 INFO - Hypothesis by_000: float64, float64]
[2022-12-03 23:06:29,465] [82 INFO - Hypothesis bz_000: float64, float64]
[2022-12-03 23:06:29,471] [82 INFO - Hypothesis ca_000: float64, float64]
[2022-12-03 23:06:29,478] [82 INFO - Hypothesis cb_000: float64, float64]
[2022-12-03 23:06:29,485] [82 INFO - Hypothesis cc_000: float64, float64]
[2022-12-03 23:06:29,492] [82 INFO - Hypothesis cd_000: float64, float64]
[2022-12-03 23:06:29,507] [82 INFO - Hypothesis ce_000: float64, float64]
[2022-12-03 23:06:29,513] [82 INFO - Hypothesis ci_000: float64, float64]
[2022-12-03 23:06:29,520] [82 INFO - Hypothesis cj_000: float64, float64]
[2022-12-03 23:06:29,526] [82 INFO - Hypothesis ck_000: float64, float64]
[2022-12-03 23:06:29,533] [82 INFO - Hypothesis cl_000: float64, float64]
[2022-12-03 23:06:29,538] [82 INFO - Hypothesis cm_000: float64, float64]
[2022-12-03 23:06:29,543] [82 INFO - Hypothesis cn_000: float64, float64]
[2022-12-03 23:06:29,546] [82 INFO - Hypothesis cn_001: float64, float64]
[2022-12-03 23:06:29,550] [82 INFO - Hypothesis cn_002: float64, float64]
[2022-12-03 23:06:29,555] [82 INFO - Hypothesis cn_003: float64, float64]
[2022-12-03 23:06:29,562] [82 INFO - Hypothesis cn_004: float64, float64]
[2022-12-03 23:06:29,569] [82 INFO - Hypothesis cn_005: float64, float64]
[2022-12-03 23:06:29,576] [82 INFO - Hypothesis cn_006: float64, float64]
[2022-12-03 23:06:29,583] [82 INFO - Hypothesis cn_007: float64, float64]
[2022-12-03 23:06:29,590] [82 INFO - Hypothesis cn_008: float64, float64]
[2022-12-03 23:06:29,596] [82 INFO - Hypothesis cn_009: float64, float64]
[2022-12-03 23:06:29,601] [82 INFO - Hypothesis cp_000: float64, float64]
[2022-12-03 23:06:29,606] [82 INFO - Hypothesis cq_000: float64, float64]
[2022-12-03 23:06:29,613] [82 INFO - Hypothesis cs_000: float64, float64]
[2022-12-03 23:06:29,619] [82 INFO - Hypothesis cs_001: float64, float64]
[2022-12-03 23:06:29,625] [82 INFO - Hypothesis cs_002: float64, float64]
[2022-12-03 23:06:29,632] [82 INFO - Hypothesis cs_003: float64, float64]
[2022-12-03 23:06:29,639] [82 INFO - Hypothesis cs_004: float64, float64]
[2022-12-03 23:06:29,645] [82 INFO - Hypothesis cs_005: float64, float64]
[2022-12-03 23:06:29,652] [82 INFO - Hypothesis cs_006: float64, float64]
[2022-12-03 23:06:29,659] [82 INFO - Hypothesis cs_007: float64, float64]
[2022-12-03 23:06:29,667] [82 INFO - Hypothesis cs_008: float64, float64]
[2022-12-03 23:06:29,672] [82 INFO - Hypothesis cs_009: float64, float64]
[2022-12-03 23:06:29,675] [82 INFO - Hypothesis dd_000: float64, float64]
[2022-12-03 23:06:29,681] [82 INFO - Hypothesis de_000: float64, float64]
[2022-12-03 23:06:29,687] [82 INFO - Hypothesis df_000: float64, float64]
[2022-12-03 23:06:29,691] [82 INFO - Hypothesis dg_000: float64, float64]
[2022-12-03 23:06:29,694] [82 INFO - Hypothesis dh_000: float64, float64]
[2022-12-03 23:06:29,698] [82 INFO - Hypothesis di_000: float64, float64]
[2022-12-03 23:06:29,702] [82 INFO - Hypothesis dj_000: float64, float64]
[2022-12-03 23:06:29,718] [82 INFO - Hypothesis dk_000: float64, float64]
[2022-12-03 23:06:29,733] [82 INFO - Hypothesis dl_000: float64, float64]
[2022-12-03 23:06:29,748] [82 INFO - Hypothesis dm_000: float64, float64]
[2022-12-03 23:06:29,764] [82 INFO - Hypothesis dn_000: float64, float64]
[2022-12-03 23:06:29,770] [82 INFO - Hypothesis do_000: float64, float64]
[2022-12-03 23:06:29,777] [82 INFO - Hypothesis dp_000: float64, float64]
[2022-12-03 23:06:29,783] [82 INFO - Hypothesis dq_000: float64, float64]
[2022-12-03 23:06:29,787] [82 INFO - Hypothesis dr_000: float64, float64]
[2022-12-03 23:06:29,791] [82 INFO - Hypothesis ds_000: float64, float64]
[2022-12-03 23:06:29,798] [82 INFO - Hypothesis dt_000: float64, float64]
[2022-12-03 23:06:29,804] [82 INFO - Hypothesis du_000: float64, float64]
[2022-12-03 23:06:29,811] [82 INFO - Hypothesis dv_000: float64, float64]
[2022-12-03 23:06:29,818] [82 INFO - Hypothesis dx_000: float64, float64]
[2022-12-03 23:06:29,823] [82 INFO - Hypothesis dy_000: float64, float64]
[2022-12-03 23:06:29,827] [82 INFO - Hypothesis dz_000: float64, float64]
[2022-12-03 23:06:29,842] [82 INFO - Hypothesis ea_000: float64, float64]
[2022-12-03 23:06:29,857] [82 INFO - Hypothesis eb_000: float64, float64]
[2022-12-03 23:06:29,863] [82 INFO - Hypothesis ec_00: float64, float64]
[2022-12-03 23:06:29,869] [82 INFO - Hypothesis ed_000: float64, float64]
[2022-12-03 23:06:29,876] [82 INFO - Hypothesis ee_000: float64, float64]
[2022-12-03 23:06:29,883] [82 INFO - Hypothesis ee_001: float64, float64]
[2022-12-03 23:06:29,890] [82 INFO - Hypothesis ee_002: float64, float64]
[2022-12-03 23:06:29,897] [82 INFO - Hypothesis ee_003: float64, float64]
[2022-12-03 23:06:29,904] [82 INFO - Hypothesis ee_004: float64, float64]
[2022-12-03 23:06:29,911] [82 INFO - Hypothesis ee_005: float64, float64]
[2022-12-03 23:06:29,918] [82 INFO - Hypothesis ee_006: float64, float64]
[2022-12-03 23:06:29,925] [82 INFO - Hypothesis ee_007: float64, float64]
[2022-12-03 23:06:29,932] [82 INFO - Hypothesis ee_008: float64, float64]
[2022-12-03 23:06:29,938] [82 INFO - Hypothesis ee_009: float64, float64]
[2022-12-03 23:06:29,944] [82 INFO - Hypothesis ef_000: float64, float64]
[2022-12-03 23:06:29,960] [82 INFO - Hypothesis eg_000: float64, float64]
