[2022-12-03 19:37:09,999] [20 INFO - Exporting collection data as pandas dataframe]
[2022-12-03 19:37:09,999] [17 INFO - Reading data from database: aps and sensor]
[2022-12-03 19:37:13,297] [19 INFO - Found columns: Index(['_id', 'class', 'aa_000', 'ab_000', 'ac_000', 'ad_000', 'ae_000',
       'af_000', 'ag_000', 'ag_001',
       ...
       'ee_002', 'ee_003', 'ee_004', 'ee_005', 'ee_006', 'ee_007', 'ee_008',
       'ee_009', 'ef_000', 'eg_000'],
      dtype='object', length=172)]
[2022-12-03 19:37:13,297] [21 INFO - Dropping column : _id]
[2022-12-03 19:37:13,516] [23 INFO - Row and column in df: (36188, 171)]
[2022-12-03 19:37:13,516] [27 INFO - Save data in feature store]
[2022-12-03 19:37:14,046] [31 INFO - Create feature store folder if not available]
[2022-12-03 19:37:14,046] [36 INFO - Save df to feature store folder]
[2022-12-03 19:37:16,378] [40 INFO - split dataset into train and test set]
[2022-12-03 19:37:16,877] [47 INFO - Save df to feature store folder]
[2022-12-03 19:37:19,025] [60 INFO - Data ingestion artifact: DataIngestionArtifact(feature_store_file_path='/config/workspace/artifact/12032022__193709.log/data_ingestion/feature_store/sensor.csv', train_file_path='/config/workspace/artifact/12032022__193709.log/data_ingestion/dataset/train.csv', test_file_path='/config/workspace/artifact/12032022__193709.log/data_ingestion/dataset/test.csv')]
[2022-12-03 19:37:19,551] [18 INFO - >>>>>>>>>>>>>>>>>>>>>>>>>>>>>>>>>>>>>>>> Data Validation <<<<<<<<<<<<<<<<<<<<<<<<<<<<<<<<<<<<<<<<]
[2022-12-03 19:37:19,551] [102 INFO - Reading base Dataframe]
[2022-12-03 19:37:22,403] [105 INFO - Drop null values columns from base df]
[2022-12-03 19:37:23,288] [38 INFO - selecting column name which contains null above to 0.2]
[2022-12-03 19:37:23,288] [41 INFO - Columns to drop: ['ab_000', 'bk_000', 'bl_000', 'bm_000', 'bn_000', 'bo_000', 'bp_000', 'bq_000', 'br_000', 'cr_000']]
[2022-12-03 19:37:23,356] [108 INFO - Reading train dataframe]
[2022-12-03 19:37:23,733] [110 INFO - Reading Test dataframe]
[2022-12-03 19:37:23,838] [113 INFO - Drop null values columns from train df]
[2022-12-03 19:37:23,850] [38 INFO - selecting column name which contains null above to 0.2]
[2022-12-03 19:37:23,850] [41 INFO - Columns to drop: ['ab_000', 'bk_000', 'bl_000', 'bm_000', 'bn_000', 'bo_000', 'bp_000', 'bq_000', 'br_000', 'cr_000']]
[2022-12-03 19:37:23,851] [115 INFO - Drop null values columns from test df]
[2022-12-03 19:37:23,855] [38 INFO - selecting column name which contains null above to 0.2]
[2022-12-03 19:37:23,855] [41 INFO - Columns to drop: ['ab_000', 'bk_000', 'bl_000', 'bm_000', 'bn_000', 'bo_000', 'bp_000', 'bq_000', 'br_000', 'cr_000']]
[2022-12-03 19:37:23,855] [123 INFO - Is all required columns present in train df]
